2022-08-24 15:17:49,627:INFO:PyCaret Supervised Module
2022-08-24 15:17:49,629:INFO:ML Usecase: regression
2022-08-24 15:17:49,629:INFO:version 2.3.10
2022-08-24 15:17:49,629:INFO:Initializing setup()
2022-08-24 15:17:49,630:INFO:setup(target=cnt, ml_usecase=regression, available_plots={'parameter': 'Hyperparameters', 'residuals': 'Residuals', 'error': 'Prediction Error', 'cooks': 'Cooks Distance', 'rfe': 'Feature Selection', 'learning': 'Learning Curve', 'manifold': 'Manifold Learning', 'vc': 'Validation Curve', 'feature': 'Feature Importance', 'feature_all': 'Feature Importance (All)', 'tree': 'Decision Tree', 'residuals_interactive': 'Interactive Residuals'}, train_size=0.7, test_data=None, preprocess=True, imputation_type=simple, iterative_imputation_iters=5, categorical_features=None, categorical_imputation=constant, categorical_iterative_imputer=lightgbm, ordinal_features=None, high_cardinality_features=None, high_cardinality_method=frequency, numeric_features=None, numeric_imputation=mean, numeric_iterative_imputer=lightgbm, date_features=None, ignore_features=None, normalize=False, normalize_method=zscore, transformation=False, transformation_method=yeo-johnson, handle_unknown_categorical=True, unknown_categorical_method=least_frequent, pca=False, pca_method=linear, pca_components=None, ignore_low_variance=False, combine_rare_levels=False, rare_level_threshold=0.1, bin_numeric_features=None, remove_outliers=False, outliers_threshold=0.05, remove_multicollinearity=False, multicollinearity_threshold=0.9, remove_perfect_collinearity=True, create_clusters=False, cluster_iter=20, polynomial_features=False, polynomial_degree=2, trigonometry_features=False, polynomial_threshold=0.1, group_features=None, group_names=None, feature_selection=False, feature_selection_threshold=0.8, feature_selection_method=classic, feature_interaction=False, feature_ratio=False, interaction_threshold=0.01, fix_imbalance=False, fix_imbalance_method=None, transform_target=False, transform_target_method=box-cox, data_split_shuffle=True, data_split_stratify=False, fold_strategy=kfold, fold=10, fold_shuffle=False, fold_groups=None, n_jobs=-1, use_gpu=False, custom_pipeline=None, html=True, session_id=None, log_experiment=False, experiment_name=None, experiment_custom_tags=None, log_plots=False, log_profile=False, log_data=False, silent=False, verbose=True, profile=False, profile_kwargs=None, display=None)
2022-08-24 15:17:49,630:INFO:Checking environment
2022-08-24 15:17:49,630:INFO:python_version: 3.8.12
2022-08-24 15:17:49,630:INFO:python_build: ('default', 'Apr  4 2022 11:42:04')
2022-08-24 15:17:49,630:INFO:machine: x86_64
2022-08-24 15:17:49,630:INFO:platform: macOS-12.3.1-x86_64-i386-64bit
2022-08-24 15:17:49,630:INFO:Memory: svmem(total=8589934592, available=2348462080, percent=72.7, used=4306718720, free=27324416, active=2319757312, inactive=2318708736, wired=1986961408)
2022-08-24 15:17:49,631:INFO:Physical Core: 4
2022-08-24 15:17:49,631:INFO:Logical Core: 8
2022-08-24 15:17:49,631:INFO:Checking libraries
2022-08-24 15:17:49,631:INFO:pd==1.3.5
2022-08-24 15:17:49,631:INFO:numpy==1.19.5
2022-08-24 15:17:49,631:INFO:sklearn==0.23.2
2022-08-24 15:17:49,631:INFO:lightgbm==3.3.2
2022-08-24 15:17:49,632:WARNING:catboost not found
2022-08-24 15:17:49,676:INFO:xgboost==1.5.1
2022-08-24 15:17:49,677:INFO:mlflow==1.22.0
2022-08-24 15:17:49,677:INFO:Checking Exceptions
2022-08-24 15:17:49,677:INFO:Declaring global variables
2022-08-24 15:17:49,677:INFO:USI: e643
2022-08-24 15:17:49,677:INFO:pycaret_globals: {'prep_pipe', 'n_jobs_param', 'y_train', 'y_test', 'seed', '_gpu_n_jobs_param', 'gpu_param', 'iterative_imputation_iters_param', 'transform_target_param', '_all_models_internal', 'y', '_internal_pipeline', 'fix_imbalance_method_param', '_ml_usecase', 'fold_param', 'log_plots_param', '_available_plots', 'exp_name_log', 'X_train', 'transform_target_method_param', 'data_before_preprocess', 'html_param', 'master_model_container', '_all_models', '_all_metrics', 'target_param', 'logging_param', 'fold_shuffle_param', 'fold_groups_param_full', 'X_test', 'imputation_classifier', 'fold_groups_param', 'fold_generator', 'USI', 'fix_imbalance_param', 'X', 'create_model_container', 'stratify_param', 'imputation_regressor', 'experiment__', 'dashboard_logger', 'display_container', 'pycaret_globals'}
2022-08-24 15:17:49,677:INFO:Preparing display monitor
2022-08-24 15:17:49,677:INFO:Preparing display monitor
2022-08-24 15:17:49,691:INFO:Importing libraries
2022-08-24 15:17:49,691:INFO:Copying data for preprocessing
2022-08-24 15:17:49,701:INFO:Declaring preprocessing parameters
2022-08-24 15:17:49,702:INFO:Creating preprocessing pipeline
2022-08-24 15:17:49,719:INFO:Preprocessing pipeline created successfully
2022-08-24 15:17:49,720:ERROR:(Process Exit): setup has been interupted with user command 'quit'. setup must rerun.
2022-08-24 15:17:49,720:INFO:Creating global containers
2022-08-24 15:17:49,722:INFO:Internal pipeline: Pipeline(memory=None, steps=[('empty_step', 'passthrough')], verbose=False)
2022-08-24 15:17:51,566:WARNING:Couldn't import catboost.CatBoostRegressor
2022-08-24 15:17:51,671:WARNING:Couldn't import catboost.CatBoostRegressor
2022-08-24 15:17:51,672:INFO:Creating grid variables
2022-08-24 15:17:51,686:INFO:create_model_container: 0
2022-08-24 15:17:51,687:INFO:master_model_container: 0
2022-08-24 15:17:51,687:INFO:display_container: 1
2022-08-24 15:17:51,693:INFO:Pipeline(memory=None,
         steps=[('dtypes',
                 DataTypes_Auto_infer(categorical_features=[],
                                      display_types=True, features_todrop=[],
                                      id_columns=['instant'],
                                      ml_usecase='regression',
                                      numerical_features=[], target='cnt',
                                      time_features=[])),
                ('imputer',
                 Simple_Imputer(categorical_strategy='not_available',
                                fill_value_categorical=None,
                                fill_value_numerical=None,
                                numeric_str...
                ('scaling', 'passthrough'), ('P_transform', 'passthrough'),
                ('binn', 'passthrough'), ('rem_outliers', 'passthrough'),
                ('cluster_all', 'passthrough'),
                ('dummy', Dummify(target='cnt')),
                ('fix_perfect', Remove_100(target='cnt')),
                ('clean_names', Clean_Colum_Names()),
                ('feature_select', 'passthrough'), ('fix_multi', 'passthrough'),
                ('dfs', 'passthrough'), ('pca', 'passthrough')],
         verbose=False)
2022-08-24 15:17:51,694:INFO:setup() succesfully completed......................................
2022-08-24 15:18:06,228:INFO:Initializing compare_models()
2022-08-24 15:18:06,229:INFO:compare_models(include=None, fold=None, round=4, cross_validation=True, sort=R2, n_select=1, budget_time=None, turbo=True, errors=ignore, fit_kwargs=None, groups=None, experiment_custom_tags=None, probability_threshold=None, verbose=True, display=None, exclude=None)
2022-08-24 15:18:06,229:INFO:Checking exceptions
2022-08-24 15:18:06,229:INFO:Preparing display monitor
2022-08-24 15:18:06,230:INFO:Preparing display monitor
2022-08-24 15:18:06,260:INFO:Initializing Linear Regression
2022-08-24 15:18:06,261:INFO:Total runtime is 3.83456548055013e-06 minutes
2022-08-24 15:18:06,271:INFO:SubProcess create_model() called ==================================
2022-08-24 15:18:06,272:INFO:Initializing create_model()
2022-08-24 15:18:06,272:INFO:create_model(estimator=lr, fold=KFold(n_splits=10, random_state=None, shuffle=False), round=4, cross_validation=True, predict=True, fit_kwargs={}, groups=None, refit=False, verbose=False, system=False, metrics=None, experiment_custom_tags=None, add_to_model_list=True, probability_threshold=None, display=<pycaret.internal.Display.Display object at 0x13b8b3d60>, return_train_score=False, kwargs={})
2022-08-24 15:18:06,272:INFO:Checking exceptions
2022-08-24 15:18:06,273:INFO:Importing libraries
2022-08-24 15:18:06,273:INFO:Copying training dataset
2022-08-24 15:18:06,275:INFO:Defining folds
2022-08-24 15:18:06,275:INFO:Declaring metric variables
2022-08-24 15:18:06,285:INFO:Importing untrained model
2022-08-24 15:18:06,294:INFO:Linear Regression Imported succesfully
2022-08-24 15:18:06,316:INFO:Starting cross validation
2022-08-24 15:18:06,326:INFO:Cross validating with KFold(n_splits=10, random_state=None, shuffle=False), n_jobs=-1
2022-08-24 15:18:10,997:INFO:Calculating mean and std
2022-08-24 15:18:11,001:INFO:Creating metrics dataframe
2022-08-24 15:18:11,015:INFO:Uploading results into container
2022-08-24 15:18:11,015:INFO:Uploading model into container now
2022-08-24 15:18:11,015:INFO:create_model_container: 1
2022-08-24 15:18:11,015:INFO:master_model_container: 1
2022-08-24 15:18:11,015:INFO:display_container: 2
2022-08-24 15:18:11,016:INFO:LinearRegression(copy_X=True, fit_intercept=True, n_jobs=-1, normalize=False)
2022-08-24 15:18:11,016:INFO:create_model() succesfully completed......................................
2022-08-24 15:18:11,383:INFO:SubProcess create_model() end ==================================
2022-08-24 15:18:11,384:INFO:Creating metrics dataframe
2022-08-24 15:18:11,404:INFO:Initializing Lasso Regression
2022-08-24 15:18:11,404:INFO:Total runtime is 0.0857325514157613 minutes
2022-08-24 15:18:11,414:INFO:SubProcess create_model() called ==================================
2022-08-24 15:18:11,414:INFO:Initializing create_model()
2022-08-24 15:18:11,414:INFO:create_model(estimator=lasso, fold=KFold(n_splits=10, random_state=None, shuffle=False), round=4, cross_validation=True, predict=True, fit_kwargs={}, groups=None, refit=False, verbose=False, system=False, metrics=None, experiment_custom_tags=None, add_to_model_list=True, probability_threshold=None, display=<pycaret.internal.Display.Display object at 0x13b8b3d60>, return_train_score=False, kwargs={})
2022-08-24 15:18:11,415:INFO:Checking exceptions
2022-08-24 15:18:11,415:INFO:Importing libraries
2022-08-24 15:18:11,415:INFO:Copying training dataset
2022-08-24 15:18:11,416:INFO:Defining folds
2022-08-24 15:18:11,416:INFO:Declaring metric variables
2022-08-24 15:18:11,426:INFO:Importing untrained model
2022-08-24 15:18:11,434:INFO:Lasso Regression Imported succesfully
2022-08-24 15:18:11,450:INFO:Starting cross validation
2022-08-24 15:18:11,451:INFO:Cross validating with KFold(n_splits=10, random_state=None, shuffle=False), n_jobs=-1
2022-08-24 15:18:11,495:INFO:Calculating mean and std
2022-08-24 15:18:11,496:INFO:Creating metrics dataframe
2022-08-24 15:18:11,501:INFO:Uploading results into container
2022-08-24 15:18:11,501:INFO:Uploading model into container now
2022-08-24 15:18:11,501:INFO:create_model_container: 2
2022-08-24 15:18:11,501:INFO:master_model_container: 2
2022-08-24 15:18:11,501:INFO:display_container: 2
2022-08-24 15:18:11,502:INFO:Lasso(alpha=1.0, copy_X=True, fit_intercept=True, max_iter=1000,
      normalize=False, positive=False, precompute=False, random_state=367,
      selection='cyclic', tol=0.0001, warm_start=False)
2022-08-24 15:18:11,502:INFO:create_model() succesfully completed......................................
2022-08-24 15:18:11,697:INFO:SubProcess create_model() end ==================================
2022-08-24 15:18:11,697:INFO:Creating metrics dataframe
2022-08-24 15:18:11,718:INFO:Initializing Ridge Regression
2022-08-24 15:18:11,718:INFO:Total runtime is 0.09096693595250446 minutes
2022-08-24 15:18:11,728:INFO:SubProcess create_model() called ==================================
2022-08-24 15:18:11,728:INFO:Initializing create_model()
2022-08-24 15:18:11,728:INFO:create_model(estimator=ridge, fold=KFold(n_splits=10, random_state=None, shuffle=False), round=4, cross_validation=True, predict=True, fit_kwargs={}, groups=None, refit=False, verbose=False, system=False, metrics=None, experiment_custom_tags=None, add_to_model_list=True, probability_threshold=None, display=<pycaret.internal.Display.Display object at 0x13b8b3d60>, return_train_score=False, kwargs={})
2022-08-24 15:18:11,728:INFO:Checking exceptions
2022-08-24 15:18:11,729:INFO:Importing libraries
2022-08-24 15:18:11,729:INFO:Copying training dataset
2022-08-24 15:18:11,729:INFO:Defining folds
2022-08-24 15:18:11,730:INFO:Declaring metric variables
2022-08-24 15:18:11,740:INFO:Importing untrained model
2022-08-24 15:18:11,750:INFO:Ridge Regression Imported succesfully
2022-08-24 15:18:11,766:INFO:Starting cross validation
2022-08-24 15:18:11,766:INFO:Cross validating with KFold(n_splits=10, random_state=None, shuffle=False), n_jobs=-1
2022-08-24 15:18:11,812:INFO:Calculating mean and std
2022-08-24 15:18:11,824:INFO:Creating metrics dataframe
2022-08-24 15:18:11,834:INFO:Uploading results into container
2022-08-24 15:18:11,834:INFO:Uploading model into container now
2022-08-24 15:18:11,834:INFO:create_model_container: 3
2022-08-24 15:18:11,834:INFO:master_model_container: 3
2022-08-24 15:18:11,835:INFO:display_container: 2
2022-08-24 15:18:11,835:INFO:Ridge(alpha=1.0, copy_X=True, fit_intercept=True, max_iter=None,
      normalize=False, random_state=367, solver='auto', tol=0.001)
2022-08-24 15:18:11,836:INFO:create_model() succesfully completed......................................
2022-08-24 15:18:12,034:INFO:SubProcess create_model() end ==================================
2022-08-24 15:18:12,034:INFO:Creating metrics dataframe
2022-08-24 15:18:12,054:INFO:Initializing Elastic Net
2022-08-24 15:18:12,054:INFO:Total runtime is 0.09656393527984618 minutes
2022-08-24 15:18:12,065:INFO:SubProcess create_model() called ==================================
2022-08-24 15:18:12,066:INFO:Initializing create_model()
2022-08-24 15:18:12,066:INFO:create_model(estimator=en, fold=KFold(n_splits=10, random_state=None, shuffle=False), round=4, cross_validation=True, predict=True, fit_kwargs={}, groups=None, refit=False, verbose=False, system=False, metrics=None, experiment_custom_tags=None, add_to_model_list=True, probability_threshold=None, display=<pycaret.internal.Display.Display object at 0x13b8b3d60>, return_train_score=False, kwargs={})
2022-08-24 15:18:12,066:INFO:Checking exceptions
2022-08-24 15:18:12,066:INFO:Importing libraries
2022-08-24 15:18:12,067:INFO:Copying training dataset
2022-08-24 15:18:12,068:INFO:Defining folds
2022-08-24 15:18:12,068:INFO:Declaring metric variables
2022-08-24 15:18:12,082:INFO:Importing untrained model
2022-08-24 15:18:12,093:INFO:Elastic Net Imported succesfully
2022-08-24 15:18:12,117:INFO:Starting cross validation
2022-08-24 15:18:12,118:INFO:Cross validating with KFold(n_splits=10, random_state=None, shuffle=False), n_jobs=-1
2022-08-24 15:18:12,179:INFO:Calculating mean and std
2022-08-24 15:18:12,180:INFO:Creating metrics dataframe
2022-08-24 15:18:12,185:INFO:Uploading results into container
2022-08-24 15:18:12,185:INFO:Uploading model into container now
2022-08-24 15:18:12,185:INFO:create_model_container: 4
2022-08-24 15:18:12,186:INFO:master_model_container: 4
2022-08-24 15:18:12,186:INFO:display_container: 2
2022-08-24 15:18:12,186:INFO:ElasticNet(alpha=1.0, copy_X=True, fit_intercept=True, l1_ratio=0.5,
           max_iter=1000, normalize=False, positive=False, precompute=False,
           random_state=367, selection='cyclic', tol=0.0001, warm_start=False)
2022-08-24 15:18:12,186:INFO:create_model() succesfully completed......................................
2022-08-24 15:18:12,380:INFO:SubProcess create_model() end ==================================
2022-08-24 15:18:12,380:INFO:Creating metrics dataframe
2022-08-24 15:18:12,401:INFO:Initializing Least Angle Regression
2022-08-24 15:18:12,401:INFO:Total runtime is 0.10234848658243814 minutes
2022-08-24 15:18:12,411:INFO:SubProcess create_model() called ==================================
2022-08-24 15:18:12,411:INFO:Initializing create_model()
2022-08-24 15:18:12,411:INFO:create_model(estimator=lar, fold=KFold(n_splits=10, random_state=None, shuffle=False), round=4, cross_validation=True, predict=True, fit_kwargs={}, groups=None, refit=False, verbose=False, system=False, metrics=None, experiment_custom_tags=None, add_to_model_list=True, probability_threshold=None, display=<pycaret.internal.Display.Display object at 0x13b8b3d60>, return_train_score=False, kwargs={})
2022-08-24 15:18:12,412:INFO:Checking exceptions
2022-08-24 15:18:12,412:INFO:Importing libraries
2022-08-24 15:18:12,412:INFO:Copying training dataset
2022-08-24 15:18:12,413:INFO:Defining folds
2022-08-24 15:18:12,413:INFO:Declaring metric variables
2022-08-24 15:18:12,423:INFO:Importing untrained model
2022-08-24 15:18:12,431:INFO:Least Angle Regression Imported succesfully
2022-08-24 15:18:12,462:INFO:Starting cross validation
2022-08-24 15:18:12,463:INFO:Cross validating with KFold(n_splits=10, random_state=None, shuffle=False), n_jobs=-1
2022-08-24 15:18:12,530:INFO:Calculating mean and std
2022-08-24 15:18:12,531:INFO:Creating metrics dataframe
2022-08-24 15:18:12,536:INFO:Uploading results into container
2022-08-24 15:18:12,536:INFO:Uploading model into container now
2022-08-24 15:18:12,536:INFO:create_model_container: 5
2022-08-24 15:18:12,536:INFO:master_model_container: 5
2022-08-24 15:18:12,536:INFO:display_container: 2
2022-08-24 15:18:12,537:INFO:Lars(copy_X=True, eps=2.220446049250313e-16, fit_intercept=True, fit_path=True,
     jitter=None, n_nonzero_coefs=500, normalize=True, precompute='auto',
     random_state=367, verbose=False)
2022-08-24 15:18:12,537:INFO:create_model() succesfully completed......................................
2022-08-24 15:18:12,730:INFO:SubProcess create_model() end ==================================
2022-08-24 15:18:12,730:INFO:Creating metrics dataframe
2022-08-24 15:18:12,752:INFO:Initializing Lasso Least Angle Regression
2022-08-24 15:18:12,752:INFO:Total runtime is 0.10820008118947345 minutes
2022-08-24 15:18:12,762:INFO:SubProcess create_model() called ==================================
2022-08-24 15:18:12,763:INFO:Initializing create_model()
2022-08-24 15:18:12,763:INFO:create_model(estimator=llar, fold=KFold(n_splits=10, random_state=None, shuffle=False), round=4, cross_validation=True, predict=True, fit_kwargs={}, groups=None, refit=False, verbose=False, system=False, metrics=None, experiment_custom_tags=None, add_to_model_list=True, probability_threshold=None, display=<pycaret.internal.Display.Display object at 0x13b8b3d60>, return_train_score=False, kwargs={})
2022-08-24 15:18:12,763:INFO:Checking exceptions
2022-08-24 15:18:12,763:INFO:Importing libraries
2022-08-24 15:18:12,763:INFO:Copying training dataset
2022-08-24 15:18:12,764:INFO:Defining folds
2022-08-24 15:18:12,764:INFO:Declaring metric variables
2022-08-24 15:18:12,773:INFO:Importing untrained model
2022-08-24 15:18:12,782:INFO:Lasso Least Angle Regression Imported succesfully
2022-08-24 15:18:12,798:INFO:Starting cross validation
2022-08-24 15:18:12,799:INFO:Cross validating with KFold(n_splits=10, random_state=None, shuffle=False), n_jobs=-1
2022-08-24 15:18:12,842:INFO:Calculating mean and std
2022-08-24 15:18:12,843:INFO:Creating metrics dataframe
2022-08-24 15:18:12,848:INFO:Uploading results into container
2022-08-24 15:18:12,848:INFO:Uploading model into container now
2022-08-24 15:18:12,849:INFO:create_model_container: 6
2022-08-24 15:18:12,849:INFO:master_model_container: 6
2022-08-24 15:18:12,849:INFO:display_container: 2
2022-08-24 15:18:12,849:INFO:LassoLars(alpha=1.0, copy_X=True, eps=2.220446049250313e-16, fit_intercept=True,
          fit_path=True, jitter=None, max_iter=500, normalize=True,
          positive=False, precompute='auto', random_state=367, verbose=False)
2022-08-24 15:18:12,849:INFO:create_model() succesfully completed......................................
2022-08-24 15:18:13,047:INFO:SubProcess create_model() end ==================================
2022-08-24 15:18:13,047:INFO:Creating metrics dataframe
2022-08-24 15:18:13,069:INFO:Initializing Orthogonal Matching Pursuit
2022-08-24 15:18:13,069:INFO:Total runtime is 0.11347541809082029 minutes
2022-08-24 15:18:13,078:INFO:SubProcess create_model() called ==================================
2022-08-24 15:18:13,079:INFO:Initializing create_model()
2022-08-24 15:18:13,079:INFO:create_model(estimator=omp, fold=KFold(n_splits=10, random_state=None, shuffle=False), round=4, cross_validation=True, predict=True, fit_kwargs={}, groups=None, refit=False, verbose=False, system=False, metrics=None, experiment_custom_tags=None, add_to_model_list=True, probability_threshold=None, display=<pycaret.internal.Display.Display object at 0x13b8b3d60>, return_train_score=False, kwargs={})
2022-08-24 15:18:13,079:INFO:Checking exceptions
2022-08-24 15:18:13,079:INFO:Importing libraries
2022-08-24 15:18:13,079:INFO:Copying training dataset
2022-08-24 15:18:13,080:INFO:Defining folds
2022-08-24 15:18:13,080:INFO:Declaring metric variables
2022-08-24 15:18:13,090:INFO:Importing untrained model
2022-08-24 15:18:13,099:INFO:Orthogonal Matching Pursuit Imported succesfully
2022-08-24 15:18:13,116:INFO:Starting cross validation
2022-08-24 15:18:13,116:INFO:Cross validating with KFold(n_splits=10, random_state=None, shuffle=False), n_jobs=-1
2022-08-24 15:18:13,165:INFO:Calculating mean and std
2022-08-24 15:18:13,166:INFO:Creating metrics dataframe
2022-08-24 15:18:13,171:INFO:Uploading results into container
2022-08-24 15:18:13,171:INFO:Uploading model into container now
2022-08-24 15:18:13,171:INFO:create_model_container: 7
2022-08-24 15:18:13,171:INFO:master_model_container: 7
2022-08-24 15:18:13,171:INFO:display_container: 2
2022-08-24 15:18:13,172:INFO:OrthogonalMatchingPursuit(fit_intercept=True, n_nonzero_coefs=None,
                          normalize=True, precompute='auto', tol=None)
2022-08-24 15:18:13,172:INFO:create_model() succesfully completed......................................
2022-08-24 15:18:13,361:INFO:SubProcess create_model() end ==================================
2022-08-24 15:18:13,361:INFO:Creating metrics dataframe
2022-08-24 15:18:13,383:INFO:Initializing Bayesian Ridge
2022-08-24 15:18:13,383:INFO:Total runtime is 0.11870560248692828 minutes
2022-08-24 15:18:13,392:INFO:SubProcess create_model() called ==================================
2022-08-24 15:18:13,392:INFO:Initializing create_model()
2022-08-24 15:18:13,393:INFO:create_model(estimator=br, fold=KFold(n_splits=10, random_state=None, shuffle=False), round=4, cross_validation=True, predict=True, fit_kwargs={}, groups=None, refit=False, verbose=False, system=False, metrics=None, experiment_custom_tags=None, add_to_model_list=True, probability_threshold=None, display=<pycaret.internal.Display.Display object at 0x13b8b3d60>, return_train_score=False, kwargs={})
2022-08-24 15:18:13,393:INFO:Checking exceptions
2022-08-24 15:18:13,393:INFO:Importing libraries
2022-08-24 15:18:13,393:INFO:Copying training dataset
2022-08-24 15:18:13,394:INFO:Defining folds
2022-08-24 15:18:13,394:INFO:Declaring metric variables
2022-08-24 15:18:13,403:INFO:Importing untrained model
2022-08-24 15:18:13,412:INFO:Bayesian Ridge Imported succesfully
2022-08-24 15:18:13,428:INFO:Starting cross validation
2022-08-24 15:18:13,429:INFO:Cross validating with KFold(n_splits=10, random_state=None, shuffle=False), n_jobs=-1
2022-08-24 15:18:13,476:INFO:Calculating mean and std
2022-08-24 15:18:13,477:INFO:Creating metrics dataframe
2022-08-24 15:18:13,482:INFO:Uploading results into container
2022-08-24 15:18:13,483:INFO:Uploading model into container now
2022-08-24 15:18:13,483:INFO:create_model_container: 8
2022-08-24 15:18:13,483:INFO:master_model_container: 8
2022-08-24 15:18:13,483:INFO:display_container: 2
2022-08-24 15:18:13,483:INFO:BayesianRidge(alpha_1=1e-06, alpha_2=1e-06, alpha_init=None,
              compute_score=False, copy_X=True, fit_intercept=True,
              lambda_1=1e-06, lambda_2=1e-06, lambda_init=None, n_iter=300,
              normalize=False, tol=0.001, verbose=False)
2022-08-24 15:18:13,483:INFO:create_model() succesfully completed......................................
2022-08-24 15:18:13,677:INFO:SubProcess create_model() end ==================================
2022-08-24 15:18:13,677:INFO:Creating metrics dataframe
2022-08-24 15:18:13,699:INFO:Initializing Passive Aggressive Regressor
2022-08-24 15:18:13,699:INFO:Total runtime is 0.12398285071055093 minutes
2022-08-24 15:18:13,709:INFO:SubProcess create_model() called ==================================
2022-08-24 15:18:13,709:INFO:Initializing create_model()
2022-08-24 15:18:13,709:INFO:create_model(estimator=par, fold=KFold(n_splits=10, random_state=None, shuffle=False), round=4, cross_validation=True, predict=True, fit_kwargs={}, groups=None, refit=False, verbose=False, system=False, metrics=None, experiment_custom_tags=None, add_to_model_list=True, probability_threshold=None, display=<pycaret.internal.Display.Display object at 0x13b8b3d60>, return_train_score=False, kwargs={})
2022-08-24 15:18:13,709:INFO:Checking exceptions
2022-08-24 15:18:13,709:INFO:Importing libraries
2022-08-24 15:18:13,709:INFO:Copying training dataset
2022-08-24 15:18:13,710:INFO:Defining folds
2022-08-24 15:18:13,710:INFO:Declaring metric variables
2022-08-24 15:18:13,720:INFO:Importing untrained model
2022-08-24 15:18:13,729:INFO:Passive Aggressive Regressor Imported succesfully
2022-08-24 15:18:13,745:INFO:Starting cross validation
2022-08-24 15:18:13,746:INFO:Cross validating with KFold(n_splits=10, random_state=None, shuffle=False), n_jobs=-1
2022-08-24 15:18:13,791:INFO:Calculating mean and std
2022-08-24 15:18:13,792:INFO:Creating metrics dataframe
2022-08-24 15:18:13,796:INFO:Uploading results into container
2022-08-24 15:18:13,797:INFO:Uploading model into container now
2022-08-24 15:18:13,797:INFO:create_model_container: 9
2022-08-24 15:18:13,797:INFO:master_model_container: 9
2022-08-24 15:18:13,797:INFO:display_container: 2
2022-08-24 15:18:13,797:INFO:PassiveAggressiveRegressor(C=1.0, average=False, early_stopping=False,
                           epsilon=0.1, fit_intercept=True,
                           loss='epsilon_insensitive', max_iter=1000,
                           n_iter_no_change=5, random_state=367, shuffle=True,
                           tol=0.001, validation_fraction=0.1, verbose=0,
                           warm_start=False)
2022-08-24 15:18:13,797:INFO:create_model() succesfully completed......................................
2022-08-24 15:18:13,992:INFO:SubProcess create_model() end ==================================
2022-08-24 15:18:13,992:INFO:Creating metrics dataframe
2022-08-24 15:18:14,016:INFO:Initializing Huber Regressor
2022-08-24 15:18:14,016:INFO:Total runtime is 0.1292576193809509 minutes
2022-08-24 15:18:14,025:INFO:SubProcess create_model() called ==================================
2022-08-24 15:18:14,026:INFO:Initializing create_model()
2022-08-24 15:18:14,026:INFO:create_model(estimator=huber, fold=KFold(n_splits=10, random_state=None, shuffle=False), round=4, cross_validation=True, predict=True, fit_kwargs={}, groups=None, refit=False, verbose=False, system=False, metrics=None, experiment_custom_tags=None, add_to_model_list=True, probability_threshold=None, display=<pycaret.internal.Display.Display object at 0x13b8b3d60>, return_train_score=False, kwargs={})
2022-08-24 15:18:14,026:INFO:Checking exceptions
2022-08-24 15:18:14,026:INFO:Importing libraries
2022-08-24 15:18:14,026:INFO:Copying training dataset
2022-08-24 15:18:14,027:INFO:Defining folds
2022-08-24 15:18:14,027:INFO:Declaring metric variables
2022-08-24 15:18:14,036:INFO:Importing untrained model
2022-08-24 15:18:14,045:INFO:Huber Regressor Imported succesfully
2022-08-24 15:18:14,061:INFO:Starting cross validation
2022-08-24 15:18:14,062:INFO:Cross validating with KFold(n_splits=10, random_state=None, shuffle=False), n_jobs=-1
2022-08-24 15:18:14,193:INFO:Calculating mean and std
2022-08-24 15:18:14,194:INFO:Creating metrics dataframe
2022-08-24 15:18:14,199:INFO:Uploading results into container
2022-08-24 15:18:14,199:INFO:Uploading model into container now
2022-08-24 15:18:14,199:INFO:create_model_container: 10
2022-08-24 15:18:14,199:INFO:master_model_container: 10
2022-08-24 15:18:14,199:INFO:display_container: 2
2022-08-24 15:18:14,199:INFO:HuberRegressor(alpha=0.0001, epsilon=1.35, fit_intercept=True, max_iter=100,
               tol=1e-05, warm_start=False)
2022-08-24 15:18:14,200:INFO:create_model() succesfully completed......................................
2022-08-24 15:18:14,390:INFO:SubProcess create_model() end ==================================
2022-08-24 15:18:14,390:INFO:Creating metrics dataframe
2022-08-24 15:18:14,414:INFO:Initializing K Neighbors Regressor
2022-08-24 15:18:14,414:INFO:Total runtime is 0.13589513699213662 minutes
2022-08-24 15:18:14,423:INFO:SubProcess create_model() called ==================================
2022-08-24 15:18:14,424:INFO:Initializing create_model()
2022-08-24 15:18:14,424:INFO:create_model(estimator=knn, fold=KFold(n_splits=10, random_state=None, shuffle=False), round=4, cross_validation=True, predict=True, fit_kwargs={}, groups=None, refit=False, verbose=False, system=False, metrics=None, experiment_custom_tags=None, add_to_model_list=True, probability_threshold=None, display=<pycaret.internal.Display.Display object at 0x13b8b3d60>, return_train_score=False, kwargs={})
2022-08-24 15:18:14,424:INFO:Checking exceptions
2022-08-24 15:18:14,424:INFO:Importing libraries
2022-08-24 15:18:14,424:INFO:Copying training dataset
2022-08-24 15:18:14,425:INFO:Defining folds
2022-08-24 15:18:14,425:INFO:Declaring metric variables
2022-08-24 15:18:14,434:INFO:Importing untrained model
2022-08-24 15:18:14,443:INFO:K Neighbors Regressor Imported succesfully
2022-08-24 15:18:14,459:INFO:Starting cross validation
2022-08-24 15:18:14,460:INFO:Cross validating with KFold(n_splits=10, random_state=None, shuffle=False), n_jobs=-1
2022-08-24 15:18:14,515:INFO:Calculating mean and std
2022-08-24 15:18:14,516:INFO:Creating metrics dataframe
2022-08-24 15:18:14,521:INFO:Uploading results into container
2022-08-24 15:18:14,521:INFO:Uploading model into container now
2022-08-24 15:18:14,521:INFO:create_model_container: 11
2022-08-24 15:18:14,521:INFO:master_model_container: 11
2022-08-24 15:18:14,521:INFO:display_container: 2
2022-08-24 15:18:14,521:INFO:KNeighborsRegressor(algorithm='auto', leaf_size=30, metric='minkowski',
                    metric_params=None, n_jobs=-1, n_neighbors=5, p=2,
                    weights='uniform')
2022-08-24 15:18:14,521:INFO:create_model() succesfully completed......................................
2022-08-24 15:18:14,738:INFO:SubProcess create_model() end ==================================
2022-08-24 15:18:14,739:INFO:Creating metrics dataframe
2022-08-24 15:18:14,763:INFO:Initializing Decision Tree Regressor
2022-08-24 15:18:14,763:INFO:Total runtime is 0.14170798858006795 minutes
2022-08-24 15:18:14,772:INFO:SubProcess create_model() called ==================================
2022-08-24 15:18:14,773:INFO:Initializing create_model()
2022-08-24 15:18:14,773:INFO:create_model(estimator=dt, fold=KFold(n_splits=10, random_state=None, shuffle=False), round=4, cross_validation=True, predict=True, fit_kwargs={}, groups=None, refit=False, verbose=False, system=False, metrics=None, experiment_custom_tags=None, add_to_model_list=True, probability_threshold=None, display=<pycaret.internal.Display.Display object at 0x13b8b3d60>, return_train_score=False, kwargs={})
2022-08-24 15:18:14,773:INFO:Checking exceptions
2022-08-24 15:18:14,773:INFO:Importing libraries
2022-08-24 15:18:14,773:INFO:Copying training dataset
2022-08-24 15:18:14,774:INFO:Defining folds
2022-08-24 15:18:14,774:INFO:Declaring metric variables
2022-08-24 15:18:14,782:INFO:Importing untrained model
2022-08-24 15:18:14,791:INFO:Decision Tree Regressor Imported succesfully
2022-08-24 15:18:14,807:INFO:Starting cross validation
2022-08-24 15:18:14,808:INFO:Cross validating with KFold(n_splits=10, random_state=None, shuffle=False), n_jobs=-1
2022-08-24 15:18:14,888:INFO:Calculating mean and std
2022-08-24 15:18:14,889:INFO:Creating metrics dataframe
2022-08-24 15:18:14,895:INFO:Uploading results into container
2022-08-24 15:18:14,895:INFO:Uploading model into container now
2022-08-24 15:18:14,895:INFO:create_model_container: 12
2022-08-24 15:18:14,895:INFO:master_model_container: 12
2022-08-24 15:18:14,895:INFO:display_container: 2
2022-08-24 15:18:14,896:INFO:DecisionTreeRegressor(ccp_alpha=0.0, criterion='mse', max_depth=None,
                      max_features=None, max_leaf_nodes=None,
                      min_impurity_decrease=0.0, min_impurity_split=None,
                      min_samples_leaf=1, min_samples_split=2,
                      min_weight_fraction_leaf=0.0, presort='deprecated',
                      random_state=367, splitter='best')
2022-08-24 15:18:14,896:INFO:create_model() succesfully completed......................................
2022-08-24 15:18:15,100:INFO:SubProcess create_model() end ==================================
2022-08-24 15:18:15,100:INFO:Creating metrics dataframe
2022-08-24 15:18:15,125:INFO:Initializing Random Forest Regressor
2022-08-24 15:18:15,125:INFO:Total runtime is 0.14774146874745686 minutes
2022-08-24 15:18:15,134:INFO:SubProcess create_model() called ==================================
2022-08-24 15:18:15,135:INFO:Initializing create_model()
2022-08-24 15:18:15,135:INFO:create_model(estimator=rf, fold=KFold(n_splits=10, random_state=None, shuffle=False), round=4, cross_validation=True, predict=True, fit_kwargs={}, groups=None, refit=False, verbose=False, system=False, metrics=None, experiment_custom_tags=None, add_to_model_list=True, probability_threshold=None, display=<pycaret.internal.Display.Display object at 0x13b8b3d60>, return_train_score=False, kwargs={})
2022-08-24 15:18:15,135:INFO:Checking exceptions
2022-08-24 15:18:15,135:INFO:Importing libraries
2022-08-24 15:18:15,135:INFO:Copying training dataset
2022-08-24 15:18:15,136:INFO:Defining folds
2022-08-24 15:18:15,136:INFO:Declaring metric variables
2022-08-24 15:18:15,144:INFO:Importing untrained model
2022-08-24 15:18:15,152:INFO:Random Forest Regressor Imported succesfully
2022-08-24 15:18:15,169:INFO:Starting cross validation
2022-08-24 15:18:15,170:INFO:Cross validating with KFold(n_splits=10, random_state=None, shuffle=False), n_jobs=-1
2022-08-24 15:18:16,038:INFO:Calculating mean and std
2022-08-24 15:18:16,039:INFO:Creating metrics dataframe
2022-08-24 15:18:16,044:INFO:Uploading results into container
2022-08-24 15:18:16,044:INFO:Uploading model into container now
2022-08-24 15:18:16,044:INFO:create_model_container: 13
2022-08-24 15:18:16,044:INFO:master_model_container: 13
2022-08-24 15:18:16,044:INFO:display_container: 2
2022-08-24 15:18:16,045:INFO:RandomForestRegressor(bootstrap=True, ccp_alpha=0.0, criterion='mse',
                      max_depth=None, max_features='auto', max_leaf_nodes=None,
                      max_samples=None, min_impurity_decrease=0.0,
                      min_impurity_split=None, min_samples_leaf=1,
                      min_samples_split=2, min_weight_fraction_leaf=0.0,
                      n_estimators=100, n_jobs=-1, oob_score=False,
                      random_state=367, verbose=0, warm_start=False)
2022-08-24 15:18:16,045:INFO:create_model() succesfully completed......................................
2022-08-24 15:18:16,255:INFO:SubProcess create_model() end ==================================
2022-08-24 15:18:16,255:INFO:Creating metrics dataframe
2022-08-24 15:18:16,279:INFO:Initializing Extra Trees Regressor
2022-08-24 15:18:16,279:INFO:Total runtime is 0.16698018312454221 minutes
2022-08-24 15:18:16,289:INFO:SubProcess create_model() called ==================================
2022-08-24 15:18:16,290:INFO:Initializing create_model()
2022-08-24 15:18:16,290:INFO:create_model(estimator=et, fold=KFold(n_splits=10, random_state=None, shuffle=False), round=4, cross_validation=True, predict=True, fit_kwargs={}, groups=None, refit=False, verbose=False, system=False, metrics=None, experiment_custom_tags=None, add_to_model_list=True, probability_threshold=None, display=<pycaret.internal.Display.Display object at 0x13b8b3d60>, return_train_score=False, kwargs={})
2022-08-24 15:18:16,290:INFO:Checking exceptions
2022-08-24 15:18:16,290:INFO:Importing libraries
2022-08-24 15:18:16,290:INFO:Copying training dataset
2022-08-24 15:18:16,291:INFO:Defining folds
2022-08-24 15:18:16,291:INFO:Declaring metric variables
2022-08-24 15:18:16,300:INFO:Importing untrained model
2022-08-24 15:18:16,311:INFO:Extra Trees Regressor Imported succesfully
2022-08-24 15:18:16,326:INFO:Starting cross validation
2022-08-24 15:18:16,328:INFO:Cross validating with KFold(n_splits=10, random_state=None, shuffle=False), n_jobs=-1
2022-08-24 15:18:17,116:INFO:Calculating mean and std
2022-08-24 15:18:17,117:INFO:Creating metrics dataframe
2022-08-24 15:18:17,121:INFO:Uploading results into container
2022-08-24 15:18:17,121:INFO:Uploading model into container now
2022-08-24 15:18:17,121:INFO:create_model_container: 14
2022-08-24 15:18:17,121:INFO:master_model_container: 14
2022-08-24 15:18:17,121:INFO:display_container: 2
2022-08-24 15:18:17,122:INFO:ExtraTreesRegressor(bootstrap=False, ccp_alpha=0.0, criterion='mse',
                    max_depth=None, max_features='auto', max_leaf_nodes=None,
                    max_samples=None, min_impurity_decrease=0.0,
                    min_impurity_split=None, min_samples_leaf=1,
                    min_samples_split=2, min_weight_fraction_leaf=0.0,
                    n_estimators=100, n_jobs=-1, oob_score=False,
                    random_state=367, verbose=0, warm_start=False)
2022-08-24 15:18:17,122:INFO:create_model() succesfully completed......................................
2022-08-24 15:18:17,316:INFO:SubProcess create_model() end ==================================
2022-08-24 15:18:17,316:INFO:Creating metrics dataframe
2022-08-24 15:18:17,341:INFO:Initializing AdaBoost Regressor
2022-08-24 15:18:17,341:INFO:Total runtime is 0.18467083772023518 minutes
2022-08-24 15:18:17,350:INFO:SubProcess create_model() called ==================================
2022-08-24 15:18:17,350:INFO:Initializing create_model()
2022-08-24 15:18:17,350:INFO:create_model(estimator=ada, fold=KFold(n_splits=10, random_state=None, shuffle=False), round=4, cross_validation=True, predict=True, fit_kwargs={}, groups=None, refit=False, verbose=False, system=False, metrics=None, experiment_custom_tags=None, add_to_model_list=True, probability_threshold=None, display=<pycaret.internal.Display.Display object at 0x13b8b3d60>, return_train_score=False, kwargs={})
2022-08-24 15:18:17,350:INFO:Checking exceptions
2022-08-24 15:18:17,350:INFO:Importing libraries
2022-08-24 15:18:17,350:INFO:Copying training dataset
2022-08-24 15:18:17,351:INFO:Defining folds
2022-08-24 15:18:17,352:INFO:Declaring metric variables
2022-08-24 15:18:17,361:INFO:Importing untrained model
2022-08-24 15:18:17,369:INFO:AdaBoost Regressor Imported succesfully
2022-08-24 15:18:17,385:INFO:Starting cross validation
2022-08-24 15:18:17,386:INFO:Cross validating with KFold(n_splits=10, random_state=None, shuffle=False), n_jobs=-1
2022-08-24 15:18:17,647:INFO:Calculating mean and std
2022-08-24 15:18:17,648:INFO:Creating metrics dataframe
2022-08-24 15:18:17,653:INFO:Uploading results into container
2022-08-24 15:18:17,653:INFO:Uploading model into container now
2022-08-24 15:18:17,653:INFO:create_model_container: 15
2022-08-24 15:18:17,653:INFO:master_model_container: 15
2022-08-24 15:18:17,653:INFO:display_container: 2
2022-08-24 15:18:17,654:INFO:AdaBoostRegressor(base_estimator=None, learning_rate=1.0, loss='linear',
                  n_estimators=50, random_state=367)
2022-08-24 15:18:17,654:INFO:create_model() succesfully completed......................................
2022-08-24 15:18:17,853:INFO:SubProcess create_model() end ==================================
2022-08-24 15:18:17,853:INFO:Creating metrics dataframe
2022-08-24 15:18:17,878:INFO:Initializing Gradient Boosting Regressor
2022-08-24 15:18:17,878:INFO:Total runtime is 0.19362496534983317 minutes
2022-08-24 15:18:17,887:INFO:SubProcess create_model() called ==================================
2022-08-24 15:18:17,888:INFO:Initializing create_model()
2022-08-24 15:18:17,888:INFO:create_model(estimator=gbr, fold=KFold(n_splits=10, random_state=None, shuffle=False), round=4, cross_validation=True, predict=True, fit_kwargs={}, groups=None, refit=False, verbose=False, system=False, metrics=None, experiment_custom_tags=None, add_to_model_list=True, probability_threshold=None, display=<pycaret.internal.Display.Display object at 0x13b8b3d60>, return_train_score=False, kwargs={})
2022-08-24 15:18:17,888:INFO:Checking exceptions
2022-08-24 15:18:17,888:INFO:Importing libraries
2022-08-24 15:18:17,888:INFO:Copying training dataset
2022-08-24 15:18:17,889:INFO:Defining folds
2022-08-24 15:18:17,889:INFO:Declaring metric variables
2022-08-24 15:18:17,898:INFO:Importing untrained model
2022-08-24 15:18:17,908:INFO:Gradient Boosting Regressor Imported succesfully
2022-08-24 15:18:17,924:INFO:Starting cross validation
2022-08-24 15:18:17,925:INFO:Cross validating with KFold(n_splits=10, random_state=None, shuffle=False), n_jobs=-1
2022-08-24 15:18:18,215:INFO:Calculating mean and std
2022-08-24 15:18:18,216:INFO:Creating metrics dataframe
2022-08-24 15:18:18,220:INFO:Uploading results into container
2022-08-24 15:18:18,220:INFO:Uploading model into container now
2022-08-24 15:18:18,220:INFO:create_model_container: 16
2022-08-24 15:18:18,220:INFO:master_model_container: 16
2022-08-24 15:18:18,220:INFO:display_container: 2
2022-08-24 15:18:18,221:INFO:GradientBoostingRegressor(alpha=0.9, ccp_alpha=0.0, criterion='friedman_mse',
                          init=None, learning_rate=0.1, loss='ls', max_depth=3,
                          max_features=None, max_leaf_nodes=None,
                          min_impurity_decrease=0.0, min_impurity_split=None,
                          min_samples_leaf=1, min_samples_split=2,
                          min_weight_fraction_leaf=0.0, n_estimators=100,
                          n_iter_no_change=None, presort='deprecated',
                          random_state=367, subsample=1.0, tol=0.0001,
                          validation_fraction=0.1, verbose=0, warm_start=False)
2022-08-24 15:18:18,221:INFO:create_model() succesfully completed......................................
2022-08-24 15:18:18,443:INFO:SubProcess create_model() end ==================================
2022-08-24 15:18:18,444:INFO:Creating metrics dataframe
2022-08-24 15:18:18,471:INFO:Initializing Extreme Gradient Boosting
2022-08-24 15:18:18,472:INFO:Total runtime is 0.20352050065994262 minutes
2022-08-24 15:18:18,482:INFO:SubProcess create_model() called ==================================
2022-08-24 15:18:18,482:INFO:Initializing create_model()
2022-08-24 15:18:18,482:INFO:create_model(estimator=xgboost, fold=KFold(n_splits=10, random_state=None, shuffle=False), round=4, cross_validation=True, predict=True, fit_kwargs={}, groups=None, refit=False, verbose=False, system=False, metrics=None, experiment_custom_tags=None, add_to_model_list=True, probability_threshold=None, display=<pycaret.internal.Display.Display object at 0x13b8b3d60>, return_train_score=False, kwargs={})
2022-08-24 15:18:18,483:INFO:Checking exceptions
2022-08-24 15:18:18,483:INFO:Importing libraries
2022-08-24 15:18:18,483:INFO:Copying training dataset
2022-08-24 15:18:18,484:INFO:Defining folds
2022-08-24 15:18:18,484:INFO:Declaring metric variables
2022-08-24 15:18:18,493:INFO:Importing untrained model
2022-08-24 15:18:18,503:INFO:Extreme Gradient Boosting Imported succesfully
2022-08-24 15:18:18,551:INFO:Starting cross validation
2022-08-24 15:18:18,553:INFO:Cross validating with KFold(n_splits=10, random_state=None, shuffle=False), n_jobs=-1
2022-08-24 15:18:20,728:INFO:Calculating mean and std
2022-08-24 15:18:20,729:INFO:Creating metrics dataframe
2022-08-24 15:18:20,735:INFO:Uploading results into container
2022-08-24 15:18:20,735:INFO:Uploading model into container now
2022-08-24 15:18:20,735:INFO:create_model_container: 17
2022-08-24 15:18:20,735:INFO:master_model_container: 17
2022-08-24 15:18:20,736:INFO:display_container: 2
2022-08-24 15:18:20,737:INFO:XGBRegressor(base_score=None, booster='gbtree', colsample_bylevel=None,
             colsample_bynode=None, colsample_bytree=None,
             enable_categorical=False, gamma=None, gpu_id=None,
             importance_type=None, interaction_constraints=None,
             learning_rate=None, max_delta_step=None, max_depth=None,
             min_child_weight=None, missing=nan, monotone_constraints=None,
             n_estimators=100, n_jobs=-1, num_parallel_tree=None,
             objective='reg:squarederror', predictor=None, random_state=367,
             reg_alpha=None, reg_lambda=None, scale_pos_weight=None,
             subsample=None, tree_method='auto', validate_parameters=None,
             verbosity=0)
2022-08-24 15:18:20,737:INFO:create_model() succesfully completed......................................
2022-08-24 15:18:20,932:INFO:SubProcess create_model() end ==================================
2022-08-24 15:18:20,933:INFO:Creating metrics dataframe
2022-08-24 15:18:20,951:INFO:Initializing Light Gradient Boosting Machine
2022-08-24 15:18:20,952:INFO:Total runtime is 0.24485180377960203 minutes
2022-08-24 15:18:20,960:INFO:SubProcess create_model() called ==================================
2022-08-24 15:18:20,960:INFO:Initializing create_model()
2022-08-24 15:18:20,961:INFO:create_model(estimator=lightgbm, fold=KFold(n_splits=10, random_state=None, shuffle=False), round=4, cross_validation=True, predict=True, fit_kwargs={}, groups=None, refit=False, verbose=False, system=False, metrics=None, experiment_custom_tags=None, add_to_model_list=True, probability_threshold=None, display=<pycaret.internal.Display.Display object at 0x13b8b3d60>, return_train_score=False, kwargs={})
2022-08-24 15:18:20,961:INFO:Checking exceptions
2022-08-24 15:18:20,961:INFO:Importing libraries
2022-08-24 15:18:20,961:INFO:Copying training dataset
2022-08-24 15:18:20,962:INFO:Defining folds
2022-08-24 15:18:20,962:INFO:Declaring metric variables
2022-08-24 15:18:20,971:INFO:Importing untrained model
2022-08-24 15:18:20,979:INFO:Light Gradient Boosting Machine Imported succesfully
2022-08-24 15:18:20,995:INFO:Starting cross validation
2022-08-24 15:18:20,996:INFO:Cross validating with KFold(n_splits=10, random_state=None, shuffle=False), n_jobs=-1
2022-08-24 15:18:24,354:INFO:Calculating mean and std
2022-08-24 15:18:24,355:INFO:Creating metrics dataframe
2022-08-24 15:18:24,361:INFO:Uploading results into container
2022-08-24 15:18:24,361:INFO:Uploading model into container now
2022-08-24 15:18:24,361:INFO:create_model_container: 18
2022-08-24 15:18:24,361:INFO:master_model_container: 18
2022-08-24 15:18:24,361:INFO:display_container: 2
2022-08-24 15:18:24,362:INFO:LGBMRegressor(boosting_type='gbdt', class_weight=None, colsample_bytree=1.0,
              importance_type='split', learning_rate=0.1, max_depth=-1,
              min_child_samples=20, min_child_weight=0.001, min_split_gain=0.0,
              n_estimators=100, n_jobs=-1, num_leaves=31, objective=None,
              random_state=367, reg_alpha=0.0, reg_lambda=0.0, silent='warn',
              subsample=1.0, subsample_for_bin=200000, subsample_freq=0)
2022-08-24 15:18:24,362:INFO:create_model() succesfully completed......................................
2022-08-24 15:18:24,556:INFO:SubProcess create_model() end ==================================
2022-08-24 15:18:24,556:INFO:Creating metrics dataframe
2022-08-24 15:18:24,576:INFO:Initializing Dummy Regressor
2022-08-24 15:18:24,576:INFO:Total runtime is 0.30525796810785927 minutes
2022-08-24 15:18:24,584:INFO:SubProcess create_model() called ==================================
2022-08-24 15:18:24,584:INFO:Initializing create_model()
2022-08-24 15:18:24,584:INFO:create_model(estimator=dummy, fold=KFold(n_splits=10, random_state=None, shuffle=False), round=4, cross_validation=True, predict=True, fit_kwargs={}, groups=None, refit=False, verbose=False, system=False, metrics=None, experiment_custom_tags=None, add_to_model_list=True, probability_threshold=None, display=<pycaret.internal.Display.Display object at 0x13b8b3d60>, return_train_score=False, kwargs={})
2022-08-24 15:18:24,584:INFO:Checking exceptions
2022-08-24 15:18:24,584:INFO:Importing libraries
2022-08-24 15:18:24,584:INFO:Copying training dataset
2022-08-24 15:18:24,585:INFO:Defining folds
2022-08-24 15:18:24,585:INFO:Declaring metric variables
2022-08-24 15:18:24,592:INFO:Importing untrained model
2022-08-24 15:18:24,599:INFO:Dummy Regressor Imported succesfully
2022-08-24 15:18:24,617:INFO:Starting cross validation
2022-08-24 15:18:24,618:INFO:Cross validating with KFold(n_splits=10, random_state=None, shuffle=False), n_jobs=-1
2022-08-24 15:18:24,657:INFO:Calculating mean and std
2022-08-24 15:18:24,658:INFO:Creating metrics dataframe
2022-08-24 15:18:24,663:INFO:Uploading results into container
2022-08-24 15:18:24,663:INFO:Uploading model into container now
2022-08-24 15:18:24,663:INFO:create_model_container: 19
2022-08-24 15:18:24,663:INFO:master_model_container: 19
2022-08-24 15:18:24,663:INFO:display_container: 2
2022-08-24 15:18:24,663:INFO:DummyRegressor(constant=None, quantile=None, strategy='mean')
2022-08-24 15:18:24,663:INFO:create_model() succesfully completed......................................
2022-08-24 15:18:24,857:INFO:SubProcess create_model() end ==================================
2022-08-24 15:18:24,857:INFO:Creating metrics dataframe
2022-08-24 15:18:24,903:INFO:Initializing create_model()
2022-08-24 15:18:24,903:INFO:create_model(estimator=LinearRegression(copy_X=True, fit_intercept=True, n_jobs=-1, normalize=False), fold=KFold(n_splits=10, random_state=None, shuffle=False), round=4, cross_validation=False, predict=False, fit_kwargs={}, groups=None, refit=True, verbose=False, system=False, metrics=None, experiment_custom_tags=None, add_to_model_list=True, probability_threshold=None, display=None, return_train_score=False, kwargs={})
2022-08-24 15:18:24,903:INFO:Checking exceptions
2022-08-24 15:18:24,904:INFO:Importing libraries
2022-08-24 15:18:24,904:INFO:Copying training dataset
2022-08-24 15:18:24,904:INFO:Defining folds
2022-08-24 15:18:24,905:INFO:Declaring metric variables
2022-08-24 15:18:24,905:INFO:Importing untrained model
2022-08-24 15:18:24,905:INFO:Declaring custom model
2022-08-24 15:18:24,906:INFO:Linear Regression Imported succesfully
2022-08-24 15:18:24,906:INFO:Cross validation set to False
2022-08-24 15:18:24,906:INFO:Fitting Model
2022-08-24 15:18:24,912:INFO:LinearRegression(copy_X=True, fit_intercept=True, n_jobs=-1, normalize=False)
2022-08-24 15:18:24,912:INFO:create_models() succesfully completed......................................
2022-08-24 15:18:25,121:INFO:create_model_container: 19
2022-08-24 15:18:25,121:INFO:master_model_container: 19
2022-08-24 15:18:25,121:INFO:display_container: 2
2022-08-24 15:18:25,122:INFO:LinearRegression(copy_X=True, fit_intercept=True, n_jobs=-1, normalize=False)
2022-08-24 15:18:25,122:INFO:compare_models() succesfully completed......................................
2022-08-24 15:19:02,568:INFO:Initializing evaluate_model()
2022-08-24 15:19:02,568:INFO:evaluate_model(estimator=LinearRegression(copy_X=True, fit_intercept=True, n_jobs=-1, normalize=False), fold=None, fit_kwargs=None, plot_kwargs=None, feature_name=None, groups=None, use_train_data=False)
2022-08-24 15:19:02,595:INFO:Initializing plot_model()
2022-08-24 15:19:02,595:INFO:plot_model(fold=KFold(n_splits=10, random_state=None, shuffle=False), use_train_data=False, verbose=True, is_in_evaluate=True, display=None, display_format=None, estimator=LinearRegression(copy_X=True, fit_intercept=True, n_jobs=-1, normalize=False), feature_name=None, fit_kwargs={}, groups=None, label=False, plot=parameter, plot_kwargs={}, save=False, scale=1, system=True)
2022-08-24 15:19:02,595:INFO:Checking exceptions
2022-08-24 15:19:02,595:INFO:Preparing display monitor
2022-08-24 15:19:02,603:INFO:Preloading libraries
2022-08-24 15:19:02,604:INFO:Copying training dataset
2022-08-24 15:19:02,605:INFO:Copying test dataset
2022-08-24 15:19:02,606:INFO:Plot type: parameter
2022-08-24 15:19:02,615:INFO:Visual Rendered Successfully
2022-08-24 15:19:02,857:INFO:plot_model() succesfully completed......................................
2022-08-24 15:19:04,905:INFO:Initializing plot_model()
2022-08-24 15:19:04,905:INFO:plot_model(fold=KFold(n_splits=10, random_state=None, shuffle=False), use_train_data=False, verbose=True, is_in_evaluate=True, display=None, display_format=None, estimator=LinearRegression(copy_X=True, fit_intercept=True, n_jobs=-1, normalize=False), feature_name=None, fit_kwargs={}, groups=None, label=False, plot=residuals_interactive, plot_kwargs={}, save=False, scale=1, system=True)
2022-08-24 15:19:04,906:INFO:Checking exceptions
2022-08-24 15:19:04,907:INFO:Preparing display monitor
2022-08-24 15:19:04,918:INFO:Preloading libraries
2022-08-24 15:19:04,920:INFO:Copying training dataset
2022-08-24 15:19:04,920:INFO:Copying test dataset
2022-08-24 15:19:04,921:INFO:Plot type: residuals_interactive
2022-08-24 15:19:04,940:INFO:Calculated model residuals
2022-08-24 15:19:07,320:INFO:Calculated Tunkey-Anscombe Plot
2022-08-24 15:19:07,424:INFO:Calculated Normal QQ Plot
2022-08-24 15:19:07,580:INFO:Calculated Scale-Location Plot
2022-08-24 15:19:07,799:INFO:Calculated Residual vs Leverage Plot inc. Cook's distance
2022-08-24 15:19:08,077:INFO:Visual Rendered Successfully
2022-08-24 15:19:08,317:INFO:plot_model() succesfully completed......................................
2022-08-24 15:19:08,346:INFO:Initializing plot_model()
2022-08-24 15:19:08,346:INFO:plot_model(fold=KFold(n_splits=10, random_state=None, shuffle=False), use_train_data=False, verbose=True, is_in_evaluate=True, display=None, display_format=None, estimator=LinearRegression(copy_X=True, fit_intercept=True, n_jobs=-1, normalize=False), feature_name=None, fit_kwargs={}, groups=None, label=False, plot=parameter, plot_kwargs={}, save=False, scale=1, system=True)
2022-08-24 15:19:08,346:INFO:Checking exceptions
2022-08-24 15:19:08,347:INFO:Preparing display monitor
2022-08-24 15:19:08,355:INFO:Preloading libraries
2022-08-24 15:19:08,356:INFO:Copying training dataset
2022-08-24 15:19:08,356:INFO:Copying test dataset
2022-08-24 15:19:08,357:INFO:Plot type: parameter
2022-08-24 15:19:08,364:INFO:Visual Rendered Successfully
2022-08-24 15:19:08,643:INFO:plot_model() succesfully completed......................................
2022-08-24 15:19:10,588:INFO:Initializing plot_model()
2022-08-24 15:19:10,589:INFO:plot_model(fold=KFold(n_splits=10, random_state=None, shuffle=False), use_train_data=False, verbose=True, is_in_evaluate=True, display=None, display_format=None, estimator=LinearRegression(copy_X=True, fit_intercept=True, n_jobs=-1, normalize=False), feature_name=None, fit_kwargs={}, groups=None, label=False, plot=residuals, plot_kwargs={}, save=False, scale=1, system=True)
2022-08-24 15:19:10,589:INFO:Checking exceptions
2022-08-24 15:19:10,589:INFO:Preparing display monitor
2022-08-24 15:19:10,599:INFO:Preloading libraries
2022-08-24 15:19:10,601:INFO:Copying training dataset
2022-08-24 15:19:10,601:INFO:Copying test dataset
2022-08-24 15:19:10,601:INFO:Plot type: residuals
2022-08-24 15:19:10,704:INFO:Fitting Model
2022-08-24 15:19:10,738:INFO:Scoring test/hold-out set
2022-08-24 15:19:11,403:INFO:Visual Rendered Successfully
2022-08-24 15:19:11,658:INFO:plot_model() succesfully completed......................................
2022-08-24 15:20:59,850:INFO:Initializing predict_model()
2022-08-24 15:20:59,851:INFO:predict_model(estimator=LinearRegression(copy_X=True, fit_intercept=True, n_jobs=-1, normalize=False), probability_threshold=None, encoded_labels=True, drift_report=False, raw_score=False, round=4, verbose=True, ml_usecase=MLUsecase.REGRESSION, display=None, drift_kwargs=None)
2022-08-24 15:20:59,851:INFO:Checking exceptions
2022-08-24 15:20:59,851:INFO:Preloading libraries
2022-08-24 15:20:59,851:INFO:Preparing display monitor
2022-08-24 15:21:38,148:INFO:Initializing save_model()
2022-08-24 15:21:38,148:INFO:save_model(model=LinearRegression(copy_X=True, fit_intercept=True, n_jobs=-1, normalize=False), model_name=linear, prep_pipe_=Pipeline(memory=None,
         steps=[('dtypes',
                 DataTypes_Auto_infer(categorical_features=[],
                                      display_types=True, features_todrop=[],
                                      id_columns=['instant'],
                                      ml_usecase='regression',
                                      numerical_features=[], target='cnt',
                                      time_features=[])),
                ('imputer',
                 Simple_Imputer(categorical_strategy='not_available',
                                fill_value_categorical=None,
                                fill_value_numerical=None,
                                numeric_str...
                ('scaling', 'passthrough'), ('P_transform', 'passthrough'),
                ('binn', 'passthrough'), ('rem_outliers', 'passthrough'),
                ('cluster_all', 'passthrough'),
                ('dummy', Dummify(target='cnt')),
                ('fix_perfect', Remove_100(target='cnt')),
                ('clean_names', Clean_Colum_Names()),
                ('feature_select', 'passthrough'), ('fix_multi', 'passthrough'),
                ('dfs', 'passthrough'), ('pca', 'passthrough')],
         verbose=False), verbose=True, kwargs={})
2022-08-24 15:21:38,149:INFO:Adding model into prep_pipe
2022-08-24 15:21:38,160:INFO:linear.pkl saved in current working directory
2022-08-24 15:21:38,166:INFO:Pipeline(memory=None,
         steps=[('dtypes',
                 DataTypes_Auto_infer(categorical_features=[],
                                      display_types=True, features_todrop=[],
                                      id_columns=['instant'],
                                      ml_usecase='regression',
                                      numerical_features=[], target='cnt',
                                      time_features=[])),
                ('imputer',
                 Simple_Imputer(categorical_strategy='not_available',
                                fill_value_categorical=None,
                                fill_value_numerical=None,
                                numeric_str...
                ('cluster_all', 'passthrough'),
                ('dummy', Dummify(target='cnt')),
                ('fix_perfect', Remove_100(target='cnt')),
                ('clean_names', Clean_Colum_Names()),
                ('feature_select', 'passthrough'), ('fix_multi', 'passthrough'),
                ('dfs', 'passthrough'), ('pca', 'passthrough'),
                ['trained_model',
                 LinearRegression(copy_X=True, fit_intercept=True, n_jobs=-1,
                                  normalize=False)]],
         verbose=False)
2022-08-24 15:21:38,166:INFO:save_model() successfully completed......................................
2022-08-24 15:22:10,381:INFO:Initializing load_model()
2022-08-24 15:22:10,382:INFO:load_model(model_name=linear, platform=None, authentication=None, verbose=True)
