2022-08-24 14:50:05,871:INFO:PyCaret Supervised Module
2022-08-24 14:50:05,871:INFO:ML Usecase: classification
2022-08-24 14:50:05,871:INFO:version 2.3.10
2022-08-24 14:50:05,871:INFO:Initializing setup()
2022-08-24 14:50:05,872:INFO:setup(target=Survived, ml_usecase=classification, available_plots={'parameter': 'Hyperparameters', 'auc': 'AUC', 'confusion_matrix': 'Confusion Matrix', 'threshold': 'Threshold', 'pr': 'Precision Recall', 'error': 'Prediction Error', 'class_report': 'Class Report', 'rfe': 'Feature Selection', 'learning': 'Learning Curve', 'manifold': 'Manifold Learning', 'calibration': 'Calibration Curve', 'vc': 'Validation Curve', 'dimension': 'Dimensions', 'feature': 'Feature Importance', 'feature_all': 'Feature Importance (All)', 'boundary': 'Decision Boundary', 'lift': 'Lift Chart', 'gain': 'Gain Chart', 'tree': 'Decision Tree', 'ks': 'KS Statistic Plot'}, train_size=0.7, test_data=None, preprocess=True, imputation_type=simple, iterative_imputation_iters=5, categorical_features=None, categorical_imputation=constant, categorical_iterative_imputer=lightgbm, ordinal_features=None, high_cardinality_features=None, high_cardinality_method=frequency, numeric_features=None, numeric_imputation=mean, numeric_iterative_imputer=lightgbm, date_features=None, ignore_features=None, normalize=False, normalize_method=zscore, transformation=False, transformation_method=yeo-johnson, handle_unknown_categorical=True, unknown_categorical_method=least_frequent, pca=False, pca_method=linear, pca_components=None, ignore_low_variance=False, combine_rare_levels=False, rare_level_threshold=0.1, bin_numeric_features=None, remove_outliers=False, outliers_threshold=0.05, remove_multicollinearity=False, multicollinearity_threshold=0.9, remove_perfect_collinearity=True, create_clusters=False, cluster_iter=20, polynomial_features=False, polynomial_degree=2, trigonometry_features=False, polynomial_threshold=0.1, group_features=None, group_names=None, feature_selection=False, feature_selection_threshold=0.8, feature_selection_method=classic, feature_interaction=False, feature_ratio=False, interaction_threshold=0.01, fix_imbalance=False, fix_imbalance_method=None, transform_target=False, transform_target_method=box-cox, data_split_shuffle=True, data_split_stratify=False, fold_strategy=stratifiedkfold, fold=10, fold_shuffle=False, fold_groups=None, n_jobs=-1, use_gpu=False, custom_pipeline=None, html=True, session_id=None, log_experiment=False, experiment_name=None, experiment_custom_tags=None, log_plots=False, log_profile=False, log_data=False, silent=False, verbose=True, profile=False, profile_kwargs=None, display=None)
2022-08-24 14:50:05,872:INFO:Checking environment
2022-08-24 14:50:05,872:INFO:python_version: 3.8.12
2022-08-24 14:50:05,873:INFO:python_build: ('default', 'Apr  4 2022 11:42:04')
2022-08-24 14:50:05,873:INFO:machine: x86_64
2022-08-24 14:50:05,873:INFO:platform: macOS-12.3.1-x86_64-i386-64bit
2022-08-24 14:50:05,873:INFO:Memory: svmem(total=8589934592, available=2579034112, percent=70.0, used=4489576448, free=82833408, active=2490056704, inactive=2452889600, wired=1999519744)
2022-08-24 14:50:05,874:INFO:Physical Core: 4
2022-08-24 14:50:05,874:INFO:Logical Core: 8
2022-08-24 14:50:05,874:INFO:Checking libraries
2022-08-24 14:50:05,874:INFO:pd==1.3.5
2022-08-24 14:50:05,874:INFO:numpy==1.19.5
2022-08-24 14:50:05,874:INFO:sklearn==0.23.2
2022-08-24 14:50:05,874:INFO:lightgbm==3.3.2
2022-08-24 14:50:05,875:WARNING:catboost not found
2022-08-24 14:50:06,032:INFO:xgboost==1.5.1
2022-08-24 14:50:06,032:INFO:mlflow==1.22.0
2022-08-24 14:50:06,032:INFO:Checking Exceptions
2022-08-24 14:50:06,033:INFO:Declaring global variables
2022-08-24 14:50:06,033:INFO:USI: ba89
2022-08-24 14:50:06,033:INFO:pycaret_globals: {'imputation_classifier', 'logging_param', '_internal_pipeline', 'dashboard_logger', 'X_test', 'imputation_regressor', 'html_param', '_ml_usecase', 'transform_target_method_param', '_all_models_internal', 'log_plots_param', 'prep_pipe', 'target_param', '_available_plots', 'data_before_preprocess', 'y_test', '_gpu_n_jobs_param', 'X', 'iterative_imputation_iters_param', 'USI', 'y_train', 'y', 'experiment__', 'fold_generator', 'fold_groups_param', 'gpu_param', '_all_models', 'stratify_param', 'display_container', 'fold_param', 'master_model_container', 'transform_target_param', 'pycaret_globals', 'fix_imbalance_method_param', 'X_train', 'seed', 'n_jobs_param', 'fix_imbalance_param', 'fold_shuffle_param', '_all_metrics', 'fold_groups_param_full', 'create_model_container', 'exp_name_log'}
2022-08-24 14:50:06,033:INFO:Preparing display monitor
2022-08-24 14:50:06,033:INFO:Preparing display monitor
2022-08-24 14:50:06,048:INFO:Importing libraries
2022-08-24 14:50:06,048:INFO:Copying data for preprocessing
2022-08-24 14:50:06,057:INFO:Declaring preprocessing parameters
2022-08-24 14:50:06,062:INFO:Creating preprocessing pipeline
2022-08-24 14:50:06,077:INFO:Preprocessing pipeline created successfully
2022-08-24 14:50:06,077:ERROR:(Process Exit): setup has been interupted with user command 'quit'. setup must rerun.
2022-08-24 14:50:06,078:INFO:Creating global containers
2022-08-24 14:50:06,079:INFO:Internal pipeline: Pipeline(memory=None, steps=[('empty_step', 'passthrough')], verbose=False)
2022-08-24 14:50:28,626:WARNING:Couldn't import catboost.CatBoostClassifier
2022-08-24 14:50:28,710:WARNING:Couldn't import catboost.CatBoostClassifier
2022-08-24 14:50:28,711:INFO:Creating grid variables
2022-08-24 14:50:28,723:INFO:create_model_container: 0
2022-08-24 14:50:28,724:INFO:master_model_container: 0
2022-08-24 14:50:28,724:INFO:display_container: 1
2022-08-24 14:50:28,729:INFO:Pipeline(memory=None,
         steps=[('dtypes',
                 DataTypes_Auto_infer(categorical_features=[],
                                      display_types=True, features_todrop=[],
                                      id_columns=['PassengerId'],
                                      ml_usecase='classification',
                                      numerical_features=[], target='Survived',
                                      time_features=[])),
                ('imputer',
                 Simple_Imputer(categorical_strategy='not_available',
                                fill_value_categorical=None,
                                fill_value_numerical=Non...
                ('scaling', 'passthrough'), ('P_transform', 'passthrough'),
                ('binn', 'passthrough'), ('rem_outliers', 'passthrough'),
                ('cluster_all', 'passthrough'),
                ('dummy', Dummify(target='Survived')),
                ('fix_perfect', Remove_100(target='Survived')),
                ('clean_names', Clean_Colum_Names()),
                ('feature_select', 'passthrough'), ('fix_multi', 'passthrough'),
                ('dfs', 'passthrough'), ('pca', 'passthrough')],
         verbose=False)
2022-08-24 14:50:28,729:INFO:setup() succesfully completed......................................
2022-08-24 14:51:08,479:INFO:Initializing compare_models()
2022-08-24 14:51:08,480:INFO:compare_models(include=None, fold=None, round=4, cross_validation=True, sort=Accuracy, n_select=1, budget_time=None, turbo=True, errors=ignore, fit_kwargs=None, groups=None, experiment_custom_tags=None, probability_threshold=None, verbose=True, display=None, exclude=None)
2022-08-24 14:51:08,480:INFO:Checking exceptions
2022-08-24 14:51:08,481:INFO:Preparing display monitor
2022-08-24 14:51:08,481:INFO:Preparing display monitor
2022-08-24 14:51:08,512:INFO:Initializing Logistic Regression
2022-08-24 14:51:08,512:INFO:Total runtime is 2.7179718017578126e-06 minutes
2022-08-24 14:51:08,543:INFO:SubProcess create_model() called ==================================
2022-08-24 14:51:08,543:INFO:Initializing create_model()
2022-08-24 14:51:08,543:INFO:create_model(estimator=lr, fold=StratifiedKFold(n_splits=10, random_state=None, shuffle=False), round=4, cross_validation=True, predict=True, fit_kwargs={}, groups=None, refit=False, verbose=False, system=False, metrics=None, experiment_custom_tags=None, add_to_model_list=True, probability_threshold=None, display=<pycaret.internal.Display.Display object at 0x1498d4ee0>, return_train_score=False, kwargs={})
2022-08-24 14:51:08,543:INFO:Checking exceptions
2022-08-24 14:51:08,543:INFO:Importing libraries
2022-08-24 14:51:08,543:INFO:Copying training dataset
2022-08-24 14:51:08,558:INFO:Defining folds
2022-08-24 14:51:08,558:INFO:Declaring metric variables
2022-08-24 14:51:08,576:INFO:Importing untrained model
2022-08-24 14:51:08,595:INFO:Logistic Regression Imported succesfully
2022-08-24 14:51:08,617:INFO:Starting cross validation
2022-08-24 14:51:08,618:INFO:Cross validating with StratifiedKFold(n_splits=10, random_state=None, shuffle=False), n_jobs=-1
2022-08-24 14:51:14,634:INFO:Calculating mean and std
2022-08-24 14:51:14,643:INFO:Creating metrics dataframe
2022-08-24 14:51:14,656:INFO:Uploading results into container
2022-08-24 14:51:14,657:INFO:Uploading model into container now
2022-08-24 14:51:14,657:INFO:create_model_container: 1
2022-08-24 14:51:14,657:INFO:master_model_container: 1
2022-08-24 14:51:14,657:INFO:display_container: 2
2022-08-24 14:51:14,658:INFO:LogisticRegression(C=1.0, class_weight=None, dual=False, fit_intercept=True,
                   intercept_scaling=1, l1_ratio=None, max_iter=1000,
                   multi_class='auto', n_jobs=None, penalty='l2',
                   random_state=5942, solver='lbfgs', tol=0.0001, verbose=0,
                   warm_start=False)
2022-08-24 14:51:14,658:INFO:create_model() succesfully completed......................................
2022-08-24 14:51:14,851:INFO:SubProcess create_model() end ==================================
2022-08-24 14:51:14,851:INFO:Creating metrics dataframe
2022-08-24 14:51:14,873:INFO:Initializing K Neighbors Classifier
2022-08-24 14:51:14,873:INFO:Total runtime is 0.1060186505317688 minutes
2022-08-24 14:51:14,885:INFO:SubProcess create_model() called ==================================
2022-08-24 14:51:14,886:INFO:Initializing create_model()
2022-08-24 14:51:14,886:INFO:create_model(estimator=knn, fold=StratifiedKFold(n_splits=10, random_state=None, shuffle=False), round=4, cross_validation=True, predict=True, fit_kwargs={}, groups=None, refit=False, verbose=False, system=False, metrics=None, experiment_custom_tags=None, add_to_model_list=True, probability_threshold=None, display=<pycaret.internal.Display.Display object at 0x1498d4ee0>, return_train_score=False, kwargs={})
2022-08-24 14:51:14,886:INFO:Checking exceptions
2022-08-24 14:51:14,887:INFO:Importing libraries
2022-08-24 14:51:14,887:INFO:Copying training dataset
2022-08-24 14:51:14,889:INFO:Defining folds
2022-08-24 14:51:14,890:INFO:Declaring metric variables
2022-08-24 14:51:14,901:INFO:Importing untrained model
2022-08-24 14:51:14,912:INFO:K Neighbors Classifier Imported succesfully
2022-08-24 14:51:14,933:INFO:Starting cross validation
2022-08-24 14:51:14,934:INFO:Cross validating with StratifiedKFold(n_splits=10, random_state=None, shuffle=False), n_jobs=-1
2022-08-24 14:51:15,238:INFO:Calculating mean and std
2022-08-24 14:51:15,241:INFO:Creating metrics dataframe
2022-08-24 14:51:15,250:INFO:Uploading results into container
2022-08-24 14:51:15,251:INFO:Uploading model into container now
2022-08-24 14:51:15,251:INFO:create_model_container: 2
2022-08-24 14:51:15,251:INFO:master_model_container: 2
2022-08-24 14:51:15,251:INFO:display_container: 2
2022-08-24 14:51:15,252:INFO:KNeighborsClassifier(algorithm='auto', leaf_size=30, metric='minkowski',
                     metric_params=None, n_jobs=-1, n_neighbors=5, p=2,
                     weights='uniform')
2022-08-24 14:51:15,252:INFO:create_model() succesfully completed......................................
2022-08-24 14:51:15,418:INFO:SubProcess create_model() end ==================================
2022-08-24 14:51:15,418:INFO:Creating metrics dataframe
2022-08-24 14:51:15,443:INFO:Initializing Naive Bayes
2022-08-24 14:51:15,443:INFO:Total runtime is 0.11552281777064005 minutes
2022-08-24 14:51:15,454:INFO:SubProcess create_model() called ==================================
2022-08-24 14:51:15,454:INFO:Initializing create_model()
2022-08-24 14:51:15,455:INFO:create_model(estimator=nb, fold=StratifiedKFold(n_splits=10, random_state=None, shuffle=False), round=4, cross_validation=True, predict=True, fit_kwargs={}, groups=None, refit=False, verbose=False, system=False, metrics=None, experiment_custom_tags=None, add_to_model_list=True, probability_threshold=None, display=<pycaret.internal.Display.Display object at 0x1498d4ee0>, return_train_score=False, kwargs={})
2022-08-24 14:51:15,455:INFO:Checking exceptions
2022-08-24 14:51:15,455:INFO:Importing libraries
2022-08-24 14:51:15,455:INFO:Copying training dataset
2022-08-24 14:51:15,458:INFO:Defining folds
2022-08-24 14:51:15,458:INFO:Declaring metric variables
2022-08-24 14:51:15,468:INFO:Importing untrained model
2022-08-24 14:51:15,478:INFO:Naive Bayes Imported succesfully
2022-08-24 14:51:15,498:INFO:Starting cross validation
2022-08-24 14:51:15,499:INFO:Cross validating with StratifiedKFold(n_splits=10, random_state=None, shuffle=False), n_jobs=-1
2022-08-24 14:51:15,708:INFO:Calculating mean and std
2022-08-24 14:51:15,711:INFO:Creating metrics dataframe
2022-08-24 14:51:15,720:INFO:Uploading results into container
2022-08-24 14:51:15,721:INFO:Uploading model into container now
2022-08-24 14:51:15,721:INFO:create_model_container: 3
2022-08-24 14:51:15,721:INFO:master_model_container: 3
2022-08-24 14:51:15,721:INFO:display_container: 2
2022-08-24 14:51:15,721:INFO:GaussianNB(priors=None, var_smoothing=1e-09)
2022-08-24 14:51:15,721:INFO:create_model() succesfully completed......................................
2022-08-24 14:51:15,896:INFO:SubProcess create_model() end ==================================
2022-08-24 14:51:15,897:INFO:Creating metrics dataframe
2022-08-24 14:51:15,924:INFO:Initializing Decision Tree Classifier
2022-08-24 14:51:15,924:INFO:Total runtime is 0.12353058258692423 minutes
2022-08-24 14:51:15,937:INFO:SubProcess create_model() called ==================================
2022-08-24 14:51:15,937:INFO:Initializing create_model()
2022-08-24 14:51:15,938:INFO:create_model(estimator=dt, fold=StratifiedKFold(n_splits=10, random_state=None, shuffle=False), round=4, cross_validation=True, predict=True, fit_kwargs={}, groups=None, refit=False, verbose=False, system=False, metrics=None, experiment_custom_tags=None, add_to_model_list=True, probability_threshold=None, display=<pycaret.internal.Display.Display object at 0x1498d4ee0>, return_train_score=False, kwargs={})
2022-08-24 14:51:15,938:INFO:Checking exceptions
2022-08-24 14:51:15,939:INFO:Importing libraries
2022-08-24 14:51:15,940:INFO:Copying training dataset
2022-08-24 14:51:15,943:INFO:Defining folds
2022-08-24 14:51:15,943:INFO:Declaring metric variables
2022-08-24 14:51:15,952:INFO:Importing untrained model
2022-08-24 14:51:15,963:INFO:Decision Tree Classifier Imported succesfully
2022-08-24 14:51:15,983:INFO:Starting cross validation
2022-08-24 14:51:15,984:INFO:Cross validating with StratifiedKFold(n_splits=10, random_state=None, shuffle=False), n_jobs=-1
2022-08-24 14:51:16,233:INFO:Calculating mean and std
2022-08-24 14:51:16,235:INFO:Creating metrics dataframe
2022-08-24 14:51:16,245:INFO:Uploading results into container
2022-08-24 14:51:16,245:INFO:Uploading model into container now
2022-08-24 14:51:16,245:INFO:create_model_container: 4
2022-08-24 14:51:16,245:INFO:master_model_container: 4
2022-08-24 14:51:16,245:INFO:display_container: 2
2022-08-24 14:51:16,246:INFO:DecisionTreeClassifier(ccp_alpha=0.0, class_weight=None, criterion='gini',
                       max_depth=None, max_features=None, max_leaf_nodes=None,
                       min_impurity_decrease=0.0, min_impurity_split=None,
                       min_samples_leaf=1, min_samples_split=2,
                       min_weight_fraction_leaf=0.0, presort='deprecated',
                       random_state=5942, splitter='best')
2022-08-24 14:51:16,246:INFO:create_model() succesfully completed......................................
2022-08-24 14:51:16,416:INFO:SubProcess create_model() end ==================================
2022-08-24 14:51:16,416:INFO:Creating metrics dataframe
2022-08-24 14:51:16,444:INFO:Initializing SVM - Linear Kernel
2022-08-24 14:51:16,444:INFO:Total runtime is 0.13220698436101277 minutes
2022-08-24 14:51:16,454:INFO:SubProcess create_model() called ==================================
2022-08-24 14:51:16,454:INFO:Initializing create_model()
2022-08-24 14:51:16,454:INFO:create_model(estimator=svm, fold=StratifiedKFold(n_splits=10, random_state=None, shuffle=False), round=4, cross_validation=True, predict=True, fit_kwargs={}, groups=None, refit=False, verbose=False, system=False, metrics=None, experiment_custom_tags=None, add_to_model_list=True, probability_threshold=None, display=<pycaret.internal.Display.Display object at 0x1498d4ee0>, return_train_score=False, kwargs={})
2022-08-24 14:51:16,455:INFO:Checking exceptions
2022-08-24 14:51:16,455:INFO:Importing libraries
2022-08-24 14:51:16,455:INFO:Copying training dataset
2022-08-24 14:51:16,456:INFO:Defining folds
2022-08-24 14:51:16,456:INFO:Declaring metric variables
2022-08-24 14:51:16,468:INFO:Importing untrained model
2022-08-24 14:51:16,478:INFO:SVM - Linear Kernel Imported succesfully
2022-08-24 14:51:16,498:INFO:Starting cross validation
2022-08-24 14:51:16,499:INFO:Cross validating with StratifiedKFold(n_splits=10, random_state=None, shuffle=False), n_jobs=-1
2022-08-24 14:51:16,785:INFO:Calculating mean and std
2022-08-24 14:51:16,787:INFO:Creating metrics dataframe
2022-08-24 14:51:16,796:INFO:Uploading results into container
2022-08-24 14:51:16,797:INFO:Uploading model into container now
2022-08-24 14:51:16,797:INFO:create_model_container: 5
2022-08-24 14:51:16,797:INFO:master_model_container: 5
2022-08-24 14:51:16,797:INFO:display_container: 2
2022-08-24 14:51:16,798:INFO:SGDClassifier(alpha=0.0001, average=False, class_weight=None,
              early_stopping=False, epsilon=0.1, eta0=0.001, fit_intercept=True,
              l1_ratio=0.15, learning_rate='optimal', loss='hinge',
              max_iter=1000, n_iter_no_change=5, n_jobs=-1, penalty='l2',
              power_t=0.5, random_state=5942, shuffle=True, tol=0.001,
              validation_fraction=0.1, verbose=0, warm_start=False)
2022-08-24 14:51:16,798:INFO:create_model() succesfully completed......................................
2022-08-24 14:51:16,966:INFO:SubProcess create_model() end ==================================
2022-08-24 14:51:16,966:INFO:Creating metrics dataframe
2022-08-24 14:51:16,992:INFO:Initializing Ridge Classifier
2022-08-24 14:51:16,992:INFO:Total runtime is 0.1413329005241394 minutes
2022-08-24 14:51:17,002:INFO:SubProcess create_model() called ==================================
2022-08-24 14:51:17,003:INFO:Initializing create_model()
2022-08-24 14:51:17,003:INFO:create_model(estimator=ridge, fold=StratifiedKFold(n_splits=10, random_state=None, shuffle=False), round=4, cross_validation=True, predict=True, fit_kwargs={}, groups=None, refit=False, verbose=False, system=False, metrics=None, experiment_custom_tags=None, add_to_model_list=True, probability_threshold=None, display=<pycaret.internal.Display.Display object at 0x1498d4ee0>, return_train_score=False, kwargs={})
2022-08-24 14:51:17,003:INFO:Checking exceptions
2022-08-24 14:51:17,003:INFO:Importing libraries
2022-08-24 14:51:17,003:INFO:Copying training dataset
2022-08-24 14:51:17,005:INFO:Defining folds
2022-08-24 14:51:17,006:INFO:Declaring metric variables
2022-08-24 14:51:17,017:INFO:Importing untrained model
2022-08-24 14:51:17,028:INFO:Ridge Classifier Imported succesfully
2022-08-24 14:51:17,049:INFO:Starting cross validation
2022-08-24 14:51:17,049:INFO:Cross validating with StratifiedKFold(n_splits=10, random_state=None, shuffle=False), n_jobs=-1
2022-08-24 14:51:17,289:INFO:Calculating mean and std
2022-08-24 14:51:17,291:INFO:Creating metrics dataframe
2022-08-24 14:51:17,301:INFO:Uploading results into container
2022-08-24 14:51:17,301:INFO:Uploading model into container now
2022-08-24 14:51:17,301:INFO:create_model_container: 6
2022-08-24 14:51:17,301:INFO:master_model_container: 6
2022-08-24 14:51:17,301:INFO:display_container: 2
2022-08-24 14:51:17,302:INFO:RidgeClassifier(alpha=1.0, class_weight=None, copy_X=True, fit_intercept=True,
                max_iter=None, normalize=False, random_state=5942,
                solver='auto', tol=0.001)
2022-08-24 14:51:17,302:INFO:create_model() succesfully completed......................................
2022-08-24 14:51:17,473:INFO:SubProcess create_model() end ==================================
2022-08-24 14:51:17,474:INFO:Creating metrics dataframe
2022-08-24 14:51:17,501:INFO:Initializing Random Forest Classifier
2022-08-24 14:51:17,501:INFO:Total runtime is 0.14981703360875448 minutes
2022-08-24 14:51:17,511:INFO:SubProcess create_model() called ==================================
2022-08-24 14:51:17,511:INFO:Initializing create_model()
2022-08-24 14:51:17,511:INFO:create_model(estimator=rf, fold=StratifiedKFold(n_splits=10, random_state=None, shuffle=False), round=4, cross_validation=True, predict=True, fit_kwargs={}, groups=None, refit=False, verbose=False, system=False, metrics=None, experiment_custom_tags=None, add_to_model_list=True, probability_threshold=None, display=<pycaret.internal.Display.Display object at 0x1498d4ee0>, return_train_score=False, kwargs={})
2022-08-24 14:51:17,511:INFO:Checking exceptions
2022-08-24 14:51:17,511:INFO:Importing libraries
2022-08-24 14:51:17,511:INFO:Copying training dataset
2022-08-24 14:51:17,513:INFO:Defining folds
2022-08-24 14:51:17,513:INFO:Declaring metric variables
2022-08-24 14:51:17,524:INFO:Importing untrained model
2022-08-24 14:51:17,533:INFO:Random Forest Classifier Imported succesfully
2022-08-24 14:51:17,553:INFO:Starting cross validation
2022-08-24 14:51:17,554:INFO:Cross validating with StratifiedKFold(n_splits=10, random_state=None, shuffle=False), n_jobs=-1
2022-08-24 14:51:18,659:INFO:Calculating mean and std
2022-08-24 14:51:18,661:INFO:Creating metrics dataframe
2022-08-24 14:51:18,670:INFO:Uploading results into container
2022-08-24 14:51:18,670:INFO:Uploading model into container now
2022-08-24 14:51:18,670:INFO:create_model_container: 7
2022-08-24 14:51:18,670:INFO:master_model_container: 7
2022-08-24 14:51:18,670:INFO:display_container: 2
2022-08-24 14:51:18,671:INFO:RandomForestClassifier(bootstrap=True, ccp_alpha=0.0, class_weight=None,
                       criterion='gini', max_depth=None, max_features='auto',
                       max_leaf_nodes=None, max_samples=None,
                       min_impurity_decrease=0.0, min_impurity_split=None,
                       min_samples_leaf=1, min_samples_split=2,
                       min_weight_fraction_leaf=0.0, n_estimators=100,
                       n_jobs=-1, oob_score=False, random_state=5942, verbose=0,
                       warm_start=False)
2022-08-24 14:51:18,671:INFO:create_model() succesfully completed......................................
2022-08-24 14:51:18,855:INFO:SubProcess create_model() end ==================================
2022-08-24 14:51:18,855:INFO:Creating metrics dataframe
2022-08-24 14:51:18,881:INFO:Initializing Quadratic Discriminant Analysis
2022-08-24 14:51:18,881:INFO:Total runtime is 0.17281161944071452 minutes
2022-08-24 14:51:18,891:INFO:SubProcess create_model() called ==================================
2022-08-24 14:51:18,891:INFO:Initializing create_model()
2022-08-24 14:51:18,891:INFO:create_model(estimator=qda, fold=StratifiedKFold(n_splits=10, random_state=None, shuffle=False), round=4, cross_validation=True, predict=True, fit_kwargs={}, groups=None, refit=False, verbose=False, system=False, metrics=None, experiment_custom_tags=None, add_to_model_list=True, probability_threshold=None, display=<pycaret.internal.Display.Display object at 0x1498d4ee0>, return_train_score=False, kwargs={})
2022-08-24 14:51:18,892:INFO:Checking exceptions
2022-08-24 14:51:18,892:INFO:Importing libraries
2022-08-24 14:51:18,892:INFO:Copying training dataset
2022-08-24 14:51:18,893:INFO:Defining folds
2022-08-24 14:51:18,893:INFO:Declaring metric variables
2022-08-24 14:51:18,904:INFO:Importing untrained model
2022-08-24 14:51:18,916:INFO:Quadratic Discriminant Analysis Imported succesfully
2022-08-24 14:51:18,959:INFO:Starting cross validation
2022-08-24 14:51:18,959:INFO:Cross validating with StratifiedKFold(n_splits=10, random_state=None, shuffle=False), n_jobs=-1
2022-08-24 14:51:19,432:INFO:Calculating mean and std
2022-08-24 14:51:19,435:INFO:Creating metrics dataframe
2022-08-24 14:51:19,445:INFO:Uploading results into container
2022-08-24 14:51:19,445:INFO:Uploading model into container now
2022-08-24 14:51:19,446:INFO:create_model_container: 8
2022-08-24 14:51:19,446:INFO:master_model_container: 8
2022-08-24 14:51:19,446:INFO:display_container: 2
2022-08-24 14:51:19,446:INFO:QuadraticDiscriminantAnalysis(priors=None, reg_param=0.0,
                              store_covariance=False, tol=0.0001)
2022-08-24 14:51:19,447:INFO:create_model() succesfully completed......................................
2022-08-24 14:51:19,627:INFO:SubProcess create_model() end ==================================
2022-08-24 14:51:19,627:INFO:Creating metrics dataframe
2022-08-24 14:51:19,653:INFO:Initializing Ada Boost Classifier
2022-08-24 14:51:19,654:INFO:Total runtime is 0.18569096724192302 minutes
2022-08-24 14:51:19,664:INFO:SubProcess create_model() called ==================================
2022-08-24 14:51:19,664:INFO:Initializing create_model()
2022-08-24 14:51:19,664:INFO:create_model(estimator=ada, fold=StratifiedKFold(n_splits=10, random_state=None, shuffle=False), round=4, cross_validation=True, predict=True, fit_kwargs={}, groups=None, refit=False, verbose=False, system=False, metrics=None, experiment_custom_tags=None, add_to_model_list=True, probability_threshold=None, display=<pycaret.internal.Display.Display object at 0x1498d4ee0>, return_train_score=False, kwargs={})
2022-08-24 14:51:19,664:INFO:Checking exceptions
2022-08-24 14:51:19,665:INFO:Importing libraries
2022-08-24 14:51:19,665:INFO:Copying training dataset
2022-08-24 14:51:19,666:INFO:Defining folds
2022-08-24 14:51:19,666:INFO:Declaring metric variables
2022-08-24 14:51:19,677:INFO:Importing untrained model
2022-08-24 14:51:19,688:INFO:Ada Boost Classifier Imported succesfully
2022-08-24 14:51:19,709:INFO:Starting cross validation
2022-08-24 14:51:19,710:INFO:Cross validating with StratifiedKFold(n_splits=10, random_state=None, shuffle=False), n_jobs=-1
2022-08-24 14:51:20,412:INFO:Calculating mean and std
2022-08-24 14:51:20,415:INFO:Creating metrics dataframe
2022-08-24 14:51:20,424:INFO:Uploading results into container
2022-08-24 14:51:20,424:INFO:Uploading model into container now
2022-08-24 14:51:20,424:INFO:create_model_container: 9
2022-08-24 14:51:20,424:INFO:master_model_container: 9
2022-08-24 14:51:20,424:INFO:display_container: 2
2022-08-24 14:51:20,424:INFO:AdaBoostClassifier(algorithm='SAMME.R', base_estimator=None, learning_rate=1.0,
                   n_estimators=50, random_state=5942)
2022-08-24 14:51:20,424:INFO:create_model() succesfully completed......................................
2022-08-24 14:51:20,606:INFO:SubProcess create_model() end ==================================
2022-08-24 14:51:20,606:INFO:Creating metrics dataframe
2022-08-24 14:51:20,635:INFO:Initializing Gradient Boosting Classifier
2022-08-24 14:51:20,635:INFO:Total runtime is 0.2020479996999105 minutes
2022-08-24 14:51:20,645:INFO:SubProcess create_model() called ==================================
2022-08-24 14:51:20,645:INFO:Initializing create_model()
2022-08-24 14:51:20,645:INFO:create_model(estimator=gbc, fold=StratifiedKFold(n_splits=10, random_state=None, shuffle=False), round=4, cross_validation=True, predict=True, fit_kwargs={}, groups=None, refit=False, verbose=False, system=False, metrics=None, experiment_custom_tags=None, add_to_model_list=True, probability_threshold=None, display=<pycaret.internal.Display.Display object at 0x1498d4ee0>, return_train_score=False, kwargs={})
2022-08-24 14:51:20,645:INFO:Checking exceptions
2022-08-24 14:51:20,646:INFO:Importing libraries
2022-08-24 14:51:20,646:INFO:Copying training dataset
2022-08-24 14:51:20,647:INFO:Defining folds
2022-08-24 14:51:20,647:INFO:Declaring metric variables
2022-08-24 14:51:20,656:INFO:Importing untrained model
2022-08-24 14:51:20,669:INFO:Gradient Boosting Classifier Imported succesfully
2022-08-24 14:51:20,694:INFO:Starting cross validation
2022-08-24 14:51:20,695:INFO:Cross validating with StratifiedKFold(n_splits=10, random_state=None, shuffle=False), n_jobs=-1
2022-08-24 14:51:21,918:INFO:Calculating mean and std
2022-08-24 14:51:21,920:INFO:Creating metrics dataframe
2022-08-24 14:51:21,932:INFO:Uploading results into container
2022-08-24 14:51:21,932:INFO:Uploading model into container now
2022-08-24 14:51:21,932:INFO:create_model_container: 10
2022-08-24 14:51:21,932:INFO:master_model_container: 10
2022-08-24 14:51:21,932:INFO:display_container: 2
2022-08-24 14:51:21,933:INFO:GradientBoostingClassifier(ccp_alpha=0.0, criterion='friedman_mse', init=None,
                           learning_rate=0.1, loss='deviance', max_depth=3,
                           max_features=None, max_leaf_nodes=None,
                           min_impurity_decrease=0.0, min_impurity_split=None,
                           min_samples_leaf=1, min_samples_split=2,
                           min_weight_fraction_leaf=0.0, n_estimators=100,
                           n_iter_no_change=None, presort='deprecated',
                           random_state=5942, subsample=1.0, tol=0.0001,
                           validation_fraction=0.1, verbose=0,
                           warm_start=False)
2022-08-24 14:51:21,933:INFO:create_model() succesfully completed......................................
2022-08-24 14:51:22,102:INFO:SubProcess create_model() end ==================================
2022-08-24 14:51:22,103:INFO:Creating metrics dataframe
2022-08-24 14:51:22,131:INFO:Initializing Linear Discriminant Analysis
2022-08-24 14:51:22,131:INFO:Total runtime is 0.22697991927464806 minutes
2022-08-24 14:51:22,140:INFO:SubProcess create_model() called ==================================
2022-08-24 14:51:22,141:INFO:Initializing create_model()
2022-08-24 14:51:22,141:INFO:create_model(estimator=lda, fold=StratifiedKFold(n_splits=10, random_state=None, shuffle=False), round=4, cross_validation=True, predict=True, fit_kwargs={}, groups=None, refit=False, verbose=False, system=False, metrics=None, experiment_custom_tags=None, add_to_model_list=True, probability_threshold=None, display=<pycaret.internal.Display.Display object at 0x1498d4ee0>, return_train_score=False, kwargs={})
2022-08-24 14:51:22,141:INFO:Checking exceptions
2022-08-24 14:51:22,141:INFO:Importing libraries
2022-08-24 14:51:22,141:INFO:Copying training dataset
2022-08-24 14:51:22,142:INFO:Defining folds
2022-08-24 14:51:22,142:INFO:Declaring metric variables
2022-08-24 14:51:22,153:INFO:Importing untrained model
2022-08-24 14:51:22,164:INFO:Linear Discriminant Analysis Imported succesfully
2022-08-24 14:51:22,183:INFO:Starting cross validation
2022-08-24 14:51:22,184:INFO:Cross validating with StratifiedKFold(n_splits=10, random_state=None, shuffle=False), n_jobs=-1
2022-08-24 14:51:23,009:INFO:Calculating mean and std
2022-08-24 14:51:23,013:INFO:Creating metrics dataframe
2022-08-24 14:51:23,023:INFO:Uploading results into container
2022-08-24 14:51:23,023:INFO:Uploading model into container now
2022-08-24 14:51:23,024:INFO:create_model_container: 11
2022-08-24 14:51:23,024:INFO:master_model_container: 11
2022-08-24 14:51:23,024:INFO:display_container: 2
2022-08-24 14:51:23,024:INFO:LinearDiscriminantAnalysis(n_components=None, priors=None, shrinkage=None,
                           solver='svd', store_covariance=False, tol=0.0001)
2022-08-24 14:51:23,024:INFO:create_model() succesfully completed......................................
2022-08-24 14:51:23,188:INFO:SubProcess create_model() end ==================================
2022-08-24 14:51:23,189:INFO:Creating metrics dataframe
2022-08-24 14:51:23,217:INFO:Initializing Extra Trees Classifier
2022-08-24 14:51:23,217:INFO:Total runtime is 0.24507946570714317 minutes
2022-08-24 14:51:23,226:INFO:SubProcess create_model() called ==================================
2022-08-24 14:51:23,226:INFO:Initializing create_model()
2022-08-24 14:51:23,227:INFO:create_model(estimator=et, fold=StratifiedKFold(n_splits=10, random_state=None, shuffle=False), round=4, cross_validation=True, predict=True, fit_kwargs={}, groups=None, refit=False, verbose=False, system=False, metrics=None, experiment_custom_tags=None, add_to_model_list=True, probability_threshold=None, display=<pycaret.internal.Display.Display object at 0x1498d4ee0>, return_train_score=False, kwargs={})
2022-08-24 14:51:23,227:INFO:Checking exceptions
2022-08-24 14:51:23,227:INFO:Importing libraries
2022-08-24 14:51:23,227:INFO:Copying training dataset
2022-08-24 14:51:23,228:INFO:Defining folds
2022-08-24 14:51:23,229:INFO:Declaring metric variables
2022-08-24 14:51:23,239:INFO:Importing untrained model
2022-08-24 14:51:23,248:INFO:Extra Trees Classifier Imported succesfully
2022-08-24 14:51:23,268:INFO:Starting cross validation
2022-08-24 14:51:23,269:INFO:Cross validating with StratifiedKFold(n_splits=10, random_state=None, shuffle=False), n_jobs=-1
2022-08-24 14:51:24,382:INFO:Calculating mean and std
2022-08-24 14:51:24,384:INFO:Creating metrics dataframe
2022-08-24 14:51:24,394:INFO:Uploading results into container
2022-08-24 14:51:24,394:INFO:Uploading model into container now
2022-08-24 14:51:24,394:INFO:create_model_container: 12
2022-08-24 14:51:24,394:INFO:master_model_container: 12
2022-08-24 14:51:24,394:INFO:display_container: 2
2022-08-24 14:51:24,395:INFO:ExtraTreesClassifier(bootstrap=False, ccp_alpha=0.0, class_weight=None,
                     criterion='gini', max_depth=None, max_features='auto',
                     max_leaf_nodes=None, max_samples=None,
                     min_impurity_decrease=0.0, min_impurity_split=None,
                     min_samples_leaf=1, min_samples_split=2,
                     min_weight_fraction_leaf=0.0, n_estimators=100, n_jobs=-1,
                     oob_score=False, random_state=5942, verbose=0,
                     warm_start=False)
2022-08-24 14:51:24,395:INFO:create_model() succesfully completed......................................
2022-08-24 14:51:24,562:INFO:SubProcess create_model() end ==================================
2022-08-24 14:51:24,563:INFO:Creating metrics dataframe
2022-08-24 14:51:24,593:INFO:Initializing Extreme Gradient Boosting
2022-08-24 14:51:24,593:INFO:Total runtime is 0.26802339951197307 minutes
2022-08-24 14:51:24,603:INFO:SubProcess create_model() called ==================================
2022-08-24 14:51:24,604:INFO:Initializing create_model()
2022-08-24 14:51:24,604:INFO:create_model(estimator=xgboost, fold=StratifiedKFold(n_splits=10, random_state=None, shuffle=False), round=4, cross_validation=True, predict=True, fit_kwargs={}, groups=None, refit=False, verbose=False, system=False, metrics=None, experiment_custom_tags=None, add_to_model_list=True, probability_threshold=None, display=<pycaret.internal.Display.Display object at 0x1498d4ee0>, return_train_score=False, kwargs={})
2022-08-24 14:51:24,604:INFO:Checking exceptions
2022-08-24 14:51:24,604:INFO:Importing libraries
2022-08-24 14:51:24,604:INFO:Copying training dataset
2022-08-24 14:51:24,605:INFO:Defining folds
2022-08-24 14:51:24,606:INFO:Declaring metric variables
2022-08-24 14:51:24,616:INFO:Importing untrained model
2022-08-24 14:51:24,627:INFO:Extreme Gradient Boosting Imported succesfully
2022-08-24 14:51:24,679:INFO:Starting cross validation
2022-08-24 14:51:24,681:INFO:Cross validating with StratifiedKFold(n_splits=10, random_state=None, shuffle=False), n_jobs=-1
2022-08-24 14:51:30,901:INFO:Calculating mean and std
2022-08-24 14:51:30,903:INFO:Creating metrics dataframe
2022-08-24 14:51:30,909:INFO:Uploading results into container
2022-08-24 14:51:30,909:INFO:Uploading model into container now
2022-08-24 14:51:30,910:INFO:create_model_container: 13
2022-08-24 14:51:30,910:INFO:master_model_container: 13
2022-08-24 14:51:30,910:INFO:display_container: 2
2022-08-24 14:51:30,911:INFO:XGBClassifier(base_score=None, booster='gbtree', colsample_bylevel=None,
              colsample_bynode=None, colsample_bytree=None,
              enable_categorical=False, gamma=None, gpu_id=None,
              importance_type=None, interaction_constraints=None,
              learning_rate=None, max_delta_step=None, max_depth=None,
              min_child_weight=None, missing=nan, monotone_constraints=None,
              n_estimators=100, n_jobs=-1, num_parallel_tree=None,
              objective='binary:logistic', predictor=None, random_state=5942,
              reg_alpha=None, reg_lambda=None, scale_pos_weight=None,
              subsample=None, tree_method='auto', use_label_encoder=True,
              validate_parameters=None, verbosity=0)
2022-08-24 14:51:30,911:INFO:create_model() succesfully completed......................................
2022-08-24 14:51:31,080:INFO:SubProcess create_model() end ==================================
2022-08-24 14:51:31,080:INFO:Creating metrics dataframe
2022-08-24 14:51:31,105:INFO:Initializing Light Gradient Boosting Machine
2022-08-24 14:51:31,105:INFO:Total runtime is 0.3765541672706604 minutes
2022-08-24 14:51:31,114:INFO:SubProcess create_model() called ==================================
2022-08-24 14:51:31,115:INFO:Initializing create_model()
2022-08-24 14:51:31,115:INFO:create_model(estimator=lightgbm, fold=StratifiedKFold(n_splits=10, random_state=None, shuffle=False), round=4, cross_validation=True, predict=True, fit_kwargs={}, groups=None, refit=False, verbose=False, system=False, metrics=None, experiment_custom_tags=None, add_to_model_list=True, probability_threshold=None, display=<pycaret.internal.Display.Display object at 0x1498d4ee0>, return_train_score=False, kwargs={})
2022-08-24 14:51:31,115:INFO:Checking exceptions
2022-08-24 14:51:31,115:INFO:Importing libraries
2022-08-24 14:51:31,115:INFO:Copying training dataset
2022-08-24 14:51:31,116:INFO:Defining folds
2022-08-24 14:51:31,116:INFO:Declaring metric variables
2022-08-24 14:51:31,125:INFO:Importing untrained model
2022-08-24 14:51:31,136:INFO:Light Gradient Boosting Machine Imported succesfully
2022-08-24 14:51:31,161:INFO:Starting cross validation
2022-08-24 14:51:31,162:INFO:Cross validating with StratifiedKFold(n_splits=10, random_state=None, shuffle=False), n_jobs=-1
2022-08-24 14:51:35,771:INFO:Calculating mean and std
2022-08-24 14:51:35,772:INFO:Creating metrics dataframe
2022-08-24 14:51:35,778:INFO:Uploading results into container
2022-08-24 14:51:35,778:INFO:Uploading model into container now
2022-08-24 14:51:35,778:INFO:create_model_container: 14
2022-08-24 14:51:35,778:INFO:master_model_container: 14
2022-08-24 14:51:35,778:INFO:display_container: 2
2022-08-24 14:51:35,779:INFO:LGBMClassifier(boosting_type='gbdt', class_weight=None, colsample_bytree=1.0,
               importance_type='split', learning_rate=0.1, max_depth=-1,
               min_child_samples=20, min_child_weight=0.001, min_split_gain=0.0,
               n_estimators=100, n_jobs=-1, num_leaves=31, objective=None,
               random_state=5942, reg_alpha=0.0, reg_lambda=0.0, silent='warn',
               subsample=1.0, subsample_for_bin=200000, subsample_freq=0)
2022-08-24 14:51:35,779:INFO:create_model() succesfully completed......................................
2022-08-24 14:51:35,932:INFO:SubProcess create_model() end ==================================
2022-08-24 14:51:35,932:INFO:Creating metrics dataframe
2022-08-24 14:51:35,958:INFO:Initializing Dummy Classifier
2022-08-24 14:51:35,958:INFO:Total runtime is 0.4574317375818888 minutes
2022-08-24 14:51:35,967:INFO:SubProcess create_model() called ==================================
2022-08-24 14:51:35,967:INFO:Initializing create_model()
2022-08-24 14:51:35,967:INFO:create_model(estimator=dummy, fold=StratifiedKFold(n_splits=10, random_state=None, shuffle=False), round=4, cross_validation=True, predict=True, fit_kwargs={}, groups=None, refit=False, verbose=False, system=False, metrics=None, experiment_custom_tags=None, add_to_model_list=True, probability_threshold=None, display=<pycaret.internal.Display.Display object at 0x1498d4ee0>, return_train_score=False, kwargs={})
2022-08-24 14:51:35,967:INFO:Checking exceptions
2022-08-24 14:51:35,968:INFO:Importing libraries
2022-08-24 14:51:35,968:INFO:Copying training dataset
2022-08-24 14:51:35,969:INFO:Defining folds
2022-08-24 14:51:35,969:INFO:Declaring metric variables
2022-08-24 14:51:35,977:INFO:Importing untrained model
2022-08-24 14:51:35,986:INFO:Dummy Classifier Imported succesfully
2022-08-24 14:51:36,002:INFO:Starting cross validation
2022-08-24 14:51:36,002:INFO:Cross validating with StratifiedKFold(n_splits=10, random_state=None, shuffle=False), n_jobs=-1
2022-08-24 14:51:36,168:INFO:Calculating mean and std
2022-08-24 14:51:36,171:INFO:Creating metrics dataframe
2022-08-24 14:51:36,180:INFO:Uploading results into container
2022-08-24 14:51:36,180:INFO:Uploading model into container now
2022-08-24 14:51:36,180:INFO:create_model_container: 15
2022-08-24 14:51:36,180:INFO:master_model_container: 15
2022-08-24 14:51:36,181:INFO:display_container: 2
2022-08-24 14:51:36,181:INFO:DummyClassifier(constant=None, random_state=5942, strategy='prior')
2022-08-24 14:51:36,181:INFO:create_model() succesfully completed......................................
2022-08-24 14:51:36,353:INFO:SubProcess create_model() end ==================================
2022-08-24 14:51:36,354:INFO:Creating metrics dataframe
2022-08-24 14:51:36,405:INFO:Initializing create_model()
2022-08-24 14:51:36,405:INFO:create_model(estimator=DecisionTreeClassifier(ccp_alpha=0.0, class_weight=None, criterion='gini',
                       max_depth=None, max_features=None, max_leaf_nodes=None,
                       min_impurity_decrease=0.0, min_impurity_split=None,
                       min_samples_leaf=1, min_samples_split=2,
                       min_weight_fraction_leaf=0.0, presort='deprecated',
                       random_state=5942, splitter='best'), fold=StratifiedKFold(n_splits=10, random_state=None, shuffle=False), round=4, cross_validation=False, predict=False, fit_kwargs={}, groups=None, refit=True, verbose=False, system=False, metrics=None, experiment_custom_tags=None, add_to_model_list=True, probability_threshold=None, display=None, return_train_score=False, kwargs={})
2022-08-24 14:51:36,405:INFO:Checking exceptions
2022-08-24 14:51:36,406:INFO:Importing libraries
2022-08-24 14:51:36,406:INFO:Copying training dataset
2022-08-24 14:51:36,407:INFO:Defining folds
2022-08-24 14:51:36,407:INFO:Declaring metric variables
2022-08-24 14:51:36,408:INFO:Importing untrained model
2022-08-24 14:51:36,408:INFO:Declaring custom model
2022-08-24 14:51:36,408:INFO:Decision Tree Classifier Imported succesfully
2022-08-24 14:51:36,409:INFO:Cross validation set to False
2022-08-24 14:51:36,409:INFO:Fitting Model
2022-08-24 14:51:36,436:INFO:DecisionTreeClassifier(ccp_alpha=0.0, class_weight=None, criterion='gini',
                       max_depth=None, max_features=None, max_leaf_nodes=None,
                       min_impurity_decrease=0.0, min_impurity_split=None,
                       min_samples_leaf=1, min_samples_split=2,
                       min_weight_fraction_leaf=0.0, presort='deprecated',
                       random_state=5942, splitter='best')
2022-08-24 14:51:36,436:INFO:create_models() succesfully completed......................................
2022-08-24 14:51:36,646:INFO:create_model_container: 15
2022-08-24 14:51:36,646:INFO:master_model_container: 15
2022-08-24 14:51:36,646:INFO:display_container: 2
2022-08-24 14:51:36,646:INFO:DecisionTreeClassifier(ccp_alpha=0.0, class_weight=None, criterion='gini',
                       max_depth=None, max_features=None, max_leaf_nodes=None,
                       min_impurity_decrease=0.0, min_impurity_split=None,
                       min_samples_leaf=1, min_samples_split=2,
                       min_weight_fraction_leaf=0.0, presort='deprecated',
                       random_state=5942, splitter='best')
2022-08-24 14:51:36,646:INFO:compare_models() succesfully completed......................................
2022-08-24 14:52:25,812:INFO:Initializing evaluate_model()
2022-08-24 14:52:25,813:INFO:evaluate_model(estimator=DecisionTreeClassifier(ccp_alpha=0.0, class_weight=None, criterion='gini',
                       max_depth=None, max_features=None, max_leaf_nodes=None,
                       min_impurity_decrease=0.0, min_impurity_split=None,
                       min_samples_leaf=1, min_samples_split=2,
                       min_weight_fraction_leaf=0.0, presort='deprecated',
                       random_state=5942, splitter='best'), fold=None, fit_kwargs=None, plot_kwargs=None, feature_name=None, groups=None, use_train_data=False)
2022-08-24 14:52:25,839:INFO:Initializing plot_model()
2022-08-24 14:52:25,840:INFO:plot_model(fold=StratifiedKFold(n_splits=10, random_state=None, shuffle=False), use_train_data=False, verbose=True, is_in_evaluate=True, display=None, display_format=None, estimator=DecisionTreeClassifier(ccp_alpha=0.0, class_weight=None, criterion='gini',
                       max_depth=None, max_features=None, max_leaf_nodes=None,
                       min_impurity_decrease=0.0, min_impurity_split=None,
                       min_samples_leaf=1, min_samples_split=2,
                       min_weight_fraction_leaf=0.0, presort='deprecated',
                       random_state=5942, splitter='best'), feature_name=None, fit_kwargs={}, groups=None, label=False, plot=parameter, plot_kwargs={}, save=False, scale=1, system=True)
2022-08-24 14:52:25,840:INFO:Checking exceptions
2022-08-24 14:52:25,841:INFO:Preparing display monitor
2022-08-24 14:52:25,849:INFO:Preloading libraries
2022-08-24 14:52:25,851:INFO:Copying training dataset
2022-08-24 14:52:25,852:INFO:Copying test dataset
2022-08-24 14:52:25,854:INFO:Plot type: parameter
2022-08-24 14:52:25,864:INFO:Visual Rendered Successfully
2022-08-24 14:52:26,046:INFO:plot_model() succesfully completed......................................
2022-08-24 14:52:28,674:INFO:Initializing plot_model()
2022-08-24 14:52:28,674:INFO:plot_model(fold=StratifiedKFold(n_splits=10, random_state=None, shuffle=False), use_train_data=False, verbose=True, is_in_evaluate=True, display=None, display_format=None, estimator=DecisionTreeClassifier(ccp_alpha=0.0, class_weight=None, criterion='gini',
                       max_depth=None, max_features=None, max_leaf_nodes=None,
                       min_impurity_decrease=0.0, min_impurity_split=None,
                       min_samples_leaf=1, min_samples_split=2,
                       min_weight_fraction_leaf=0.0, presort='deprecated',
                       random_state=5942, splitter='best'), feature_name=None, fit_kwargs={}, groups=None, label=False, plot=auc, plot_kwargs={}, save=False, scale=1, system=True)
2022-08-24 14:52:28,675:INFO:Checking exceptions
2022-08-24 14:52:28,675:INFO:Preparing display monitor
2022-08-24 14:52:28,685:INFO:Preloading libraries
2022-08-24 14:52:28,687:INFO:Copying training dataset
2022-08-24 14:52:28,687:INFO:Copying test dataset
2022-08-24 14:52:28,688:INFO:Plot type: auc
2022-08-24 14:52:28,690:INFO:Initializing get_config()
2022-08-24 14:52:28,690:INFO:get_config(variable=prep_pipe)
2022-08-24 14:52:28,698:INFO:Global variable: prep_pipe returned as Pipeline(memory=None,
         steps=[('dtypes',
                 DataTypes_Auto_infer(categorical_features=[],
                                      display_types=True, features_todrop=[],
                                      id_columns=['PassengerId'],
                                      ml_usecase='classification',
                                      numerical_features=[], target='Survived',
                                      time_features=[])),
                ('imputer',
                 Simple_Imputer(categorical_strategy='not_available',
                                fill_value_categorical=None,
                                fill_value_numerical=Non...
                ('scaling', 'passthrough'), ('P_transform', 'passthrough'),
                ('binn', 'passthrough'), ('rem_outliers', 'passthrough'),
                ('cluster_all', 'passthrough'),
                ('dummy', Dummify(target='Survived')),
                ('fix_perfect', Remove_100(target='Survived')),
                ('clean_names', Clean_Colum_Names()),
                ('feature_select', 'passthrough'), ('fix_multi', 'passthrough'),
                ('dfs', 'passthrough'), ('pca', 'passthrough')],
         verbose=False)
2022-08-24 14:52:28,698:INFO:get_config() succesfully completed......................................
2022-08-24 14:52:28,700:INFO:Fitting Model
2022-08-24 14:52:28,701:INFO:Scoring test/hold-out set
2022-08-24 14:52:28,942:INFO:Visual Rendered Successfully
2022-08-24 14:52:29,105:INFO:plot_model() succesfully completed......................................
2022-08-24 14:52:32,037:INFO:Initializing plot_model()
2022-08-24 14:52:32,037:INFO:plot_model(fold=StratifiedKFold(n_splits=10, random_state=None, shuffle=False), use_train_data=False, verbose=True, is_in_evaluate=True, display=None, display_format=None, estimator=DecisionTreeClassifier(ccp_alpha=0.0, class_weight=None, criterion='gini',
                       max_depth=None, max_features=None, max_leaf_nodes=None,
                       min_impurity_decrease=0.0, min_impurity_split=None,
                       min_samples_leaf=1, min_samples_split=2,
                       min_weight_fraction_leaf=0.0, presort='deprecated',
                       random_state=5942, splitter='best'), feature_name=None, fit_kwargs={}, groups=None, label=False, plot=learning, plot_kwargs={}, save=False, scale=1, system=True)
2022-08-24 14:52:32,037:INFO:Checking exceptions
2022-08-24 14:52:32,038:INFO:Preparing display monitor
2022-08-24 14:52:32,048:INFO:Preloading libraries
2022-08-24 14:52:32,050:INFO:Copying training dataset
2022-08-24 14:52:32,051:INFO:Copying test dataset
2022-08-24 14:52:32,052:INFO:Plot type: learning
2022-08-24 14:52:32,060:INFO:Fitting Model
2022-08-24 14:52:32,899:INFO:Visual Rendered Successfully
2022-08-24 14:52:33,058:INFO:plot_model() succesfully completed......................................
2022-08-24 14:53:55,158:INFO:Initializing predict_model()
2022-08-24 14:53:55,159:INFO:predict_model(estimator=DecisionTreeClassifier(ccp_alpha=0.0, class_weight=None, criterion='gini',
                       max_depth=None, max_features=None, max_leaf_nodes=None,
                       min_impurity_decrease=0.0, min_impurity_split=None,
                       min_samples_leaf=1, min_samples_split=2,
                       min_weight_fraction_leaf=0.0, presort='deprecated',
                       random_state=5942, splitter='best'), probability_threshold=None, encoded_labels=False, drift_report=False, raw_score=False, round=4, verbose=True, ml_usecase=MLUsecase.CLASSIFICATION, display=None, drift_kwargs=None)
2022-08-24 14:53:55,159:INFO:Checking exceptions
2022-08-24 14:53:55,160:INFO:Preloading libraries
2022-08-24 14:53:55,160:INFO:Preparing display monitor
2022-08-24 14:54:32,771:INFO:Initializing save_model()
2022-08-24 14:54:32,771:INFO:save_model(model=DecisionTreeClassifier(ccp_alpha=0.0, class_weight=None, criterion='gini',
                       max_depth=None, max_features=None, max_leaf_nodes=None,
                       min_impurity_decrease=0.0, min_impurity_split=None,
                       min_samples_leaf=1, min_samples_split=2,
                       min_weight_fraction_leaf=0.0, presort='deprecated',
                       random_state=5942, splitter='best'), model_name=logistic, prep_pipe_=Pipeline(memory=None,
         steps=[('dtypes',
                 DataTypes_Auto_infer(categorical_features=[],
                                      display_types=True, features_todrop=[],
                                      id_columns=['PassengerId'],
                                      ml_usecase='classification',
                                      numerical_features=[], target='Survived',
                                      time_features=[])),
                ('imputer',
                 Simple_Imputer(categorical_strategy='not_available',
                                fill_value_categorical=None,
                                fill_value_numerical=Non...
                ('scaling', 'passthrough'), ('P_transform', 'passthrough'),
                ('binn', 'passthrough'), ('rem_outliers', 'passthrough'),
                ('cluster_all', 'passthrough'),
                ('dummy', Dummify(target='Survived')),
                ('fix_perfect', Remove_100(target='Survived')),
                ('clean_names', Clean_Colum_Names()),
                ('feature_select', 'passthrough'), ('fix_multi', 'passthrough'),
                ('dfs', 'passthrough'), ('pca', 'passthrough')],
         verbose=False), verbose=True, kwargs={})
2022-08-24 14:54:32,771:INFO:Adding model into prep_pipe
2022-08-24 14:54:32,786:INFO:logistic.pkl saved in current working directory
2022-08-24 14:54:32,794:INFO:Pipeline(memory=None,
         steps=[('dtypes',
                 DataTypes_Auto_infer(categorical_features=[],
                                      display_types=True, features_todrop=[],
                                      id_columns=['PassengerId'],
                                      ml_usecase='classification',
                                      numerical_features=[], target='Survived',
                                      time_features=[])),
                ('imputer',
                 Simple_Imputer(categorical_strategy='not_available',
                                fill_value_categorical=None,
                                fill_value_numerical=Non...
                ('dfs', 'passthrough'), ('pca', 'passthrough'),
                ['trained_model',
                 DecisionTreeClassifier(ccp_alpha=0.0, class_weight=None,
                                        criterion='gini', max_depth=None,
                                        max_features=None, max_leaf_nodes=None,
                                        min_impurity_decrease=0.0,
                                        min_impurity_split=None,
                                        min_samples_leaf=1, min_samples_split=2,
                                        min_weight_fraction_leaf=0.0,
                                        presort='deprecated', random_state=5942,
                                        splitter='best')]],
         verbose=False)
2022-08-24 14:54:32,794:INFO:save_model() successfully completed......................................
2022-08-24 14:54:56,627:INFO:Initializing load_model()
2022-08-24 14:54:56,628:INFO:load_model(model_name=logistic, platform=None, authentication=None, verbose=True)
