2022-08-24 15:40:19,927:INFO:PyCaret Supervised Module
2022-08-24 15:40:19,928:INFO:ML Usecase: anomaly
2022-08-24 15:40:19,928:INFO:version 2.3.10
2022-08-24 15:40:19,928:INFO:Initializing setup()
2022-08-24 15:40:19,928:INFO:setup(target=None, ml_usecase=anomaly, available_plots={'tsne': 'Anomaly TSnE (3d)', 'umap': 'UMAP Dimensionality'}, train_size=0.7, test_data=None, preprocess=True, imputation_type=simple, iterative_imputation_iters=5, categorical_features=None, categorical_imputation=mode, categorical_iterative_imputer=lightgbm, ordinal_features=None, high_cardinality_features=None, high_cardinality_method=frequency, numeric_features=None, numeric_imputation=mean, numeric_iterative_imputer=lightgbm, date_features=None, ignore_features=None, normalize=False, normalize_method=zscore, transformation=False, transformation_method=yeo-johnson, handle_unknown_categorical=True, unknown_categorical_method=least_frequent, pca=False, pca_method=linear, pca_components=None, ignore_low_variance=False, combine_rare_levels=False, rare_level_threshold=0.1, bin_numeric_features=None, remove_outliers=False, outliers_threshold=0.05, remove_multicollinearity=False, multicollinearity_threshold=0.9, remove_perfect_collinearity=False, create_clusters=False, cluster_iter=20, polynomial_features=False, polynomial_degree=2, trigonometry_features=False, polynomial_threshold=0.1, group_features=None, group_names=None, feature_selection=False, feature_selection_threshold=0.8, feature_selection_method=classic, feature_interaction=False, feature_ratio=False, interaction_threshold=0.01, fix_imbalance=False, fix_imbalance_method=None, transform_target=False, transform_target_method=box-cox, data_split_shuffle=False, data_split_stratify=False, fold_strategy=kfold, fold=10, fold_shuffle=False, fold_groups=None, n_jobs=-1, use_gpu=False, custom_pipeline=None, html=True, session_id=None, log_experiment=False, experiment_name=None, experiment_custom_tags=None, log_plots=False, log_profile=False, log_data=False, silent=False, verbose=True, profile=False, profile_kwargs=None, display=None)
2022-08-24 15:40:19,928:INFO:Checking environment
2022-08-24 15:40:19,929:INFO:python_version: 3.8.12
2022-08-24 15:40:19,929:INFO:python_build: ('default', 'Apr  4 2022 11:42:04')
2022-08-24 15:40:19,929:INFO:machine: x86_64
2022-08-24 15:40:19,929:INFO:platform: macOS-12.3.1-x86_64-i386-64bit
2022-08-24 15:40:19,929:INFO:Memory: svmem(total=8589934592, available=2367508480, percent=72.4, used=4322037760, free=78209024, active=2292412416, inactive=2255400960, wired=2029625344)
2022-08-24 15:40:19,930:INFO:Physical Core: 4
2022-08-24 15:40:19,930:INFO:Logical Core: 8
2022-08-24 15:40:19,930:INFO:Checking libraries
2022-08-24 15:40:19,930:INFO:pd==1.3.5
2022-08-24 15:40:19,930:INFO:numpy==1.19.5
2022-08-24 15:40:19,930:INFO:sklearn==0.23.2
2022-08-24 15:40:19,930:INFO:lightgbm==3.3.2
2022-08-24 15:40:19,931:WARNING:catboost not found
2022-08-24 15:40:19,968:INFO:xgboost==1.5.1
2022-08-24 15:40:19,968:INFO:mlflow==1.22.0
2022-08-24 15:40:19,968:INFO:Checking Exceptions
2022-08-24 15:40:19,968:INFO:Declaring global variables
2022-08-24 15:40:19,968:INFO:USI: 1519
2022-08-24 15:40:19,969:INFO:pycaret_globals: {'log_plots_param', 'master_model_container', 'stratify_param', '_available_plots', 'imputation_classifier', 'fold_param', 'html_param', 'display_container', 'fix_imbalance_method_param', 'create_model_container', 'target_param', 'X', 'data_before_preprocess', 'logging_param', '_internal_pipeline', 'transform_target_param', '_all_models', 'seed', 'exp_name_log', 'iterative_imputation_iters_param', 'experiment__', 'imputation_regressor', 'fold_shuffle_param', 'fold_generator', 'gpu_param', '_all_models_internal', 'n_jobs_param', 'fold_groups_param', 'fix_imbalance_param', '_ml_usecase', 'dashboard_logger', 'pycaret_globals', 'prep_pipe', 'transform_target_method_param', '_gpu_n_jobs_param', '_all_metrics', 'USI', 'fold_groups_param_full'}
2022-08-24 15:40:19,969:INFO:Preparing display monitor
2022-08-24 15:40:19,969:INFO:Preparing display monitor
2022-08-24 15:40:19,980:INFO:Importing libraries
2022-08-24 15:40:19,980:INFO:Copying data for preprocessing
2022-08-24 15:40:20,001:INFO:Declaring preprocessing parameters
2022-08-24 15:40:20,031:INFO:Creating preprocessing pipeline
2022-08-24 15:40:20,317:INFO:Preprocessing pipeline created successfully
2022-08-24 15:40:20,317:ERROR:(Process Exit): setup has been interupted with user command 'quit'. setup must rerun.
2022-08-24 15:40:20,318:INFO:Creating global containers
2022-08-24 15:40:20,319:INFO:Internal pipeline: Pipeline(memory=None, steps=[('empty_step', 'passthrough')], verbose=False)
2022-08-24 15:40:25,298:INFO:Creating grid variables
2022-08-24 15:40:25,320:INFO:create_model_container: 0
2022-08-24 15:40:25,320:INFO:master_model_container: 0
2022-08-24 15:40:25,321:INFO:display_container: 1
2022-08-24 15:40:25,327:INFO:Pipeline(memory=None,
         steps=[('dtypes',
                 DataTypes_Auto_infer(categorical_features=[],
                                      display_types=True, features_todrop=[],
                                      id_columns=[], ml_usecase='regression',
                                      numerical_features=[],
                                      target='UNSUPERVISED_DUMMY_TARGET',
                                      time_features=[])),
                ('imputer',
                 Simple_Imputer(categorical_strategy='most frequent',
                                fill_value_categorical=None,
                                fill_value_numerical=None...
                ('scaling', 'passthrough'), ('P_transform', 'passthrough'),
                ('binn', 'passthrough'), ('rem_outliers', 'passthrough'),
                ('cluster_all', 'passthrough'),
                ('dummy', Dummify(target='UNSUPERVISED_DUMMY_TARGET')),
                ('fix_perfect', 'passthrough'),
                ('clean_names', Clean_Colum_Names()),
                ('feature_select', 'passthrough'), ('fix_multi', 'passthrough'),
                ('dfs', 'passthrough'), ('pca', 'passthrough')],
         verbose=False)
2022-08-24 15:40:25,328:INFO:setup() succesfully completed......................................
2022-08-24 15:40:31,639:INFO:PyCaret Supervised Module
2022-08-24 15:40:31,639:INFO:ML Usecase: anomaly
2022-08-24 15:40:31,639:INFO:version 2.3.10
2022-08-24 15:40:31,639:INFO:Initializing setup()
2022-08-24 15:40:31,639:INFO:setup(target=None, ml_usecase=anomaly, available_plots={'tsne': 'Anomaly TSnE (3d)', 'umap': 'UMAP Dimensionality'}, train_size=0.7, test_data=None, preprocess=True, imputation_type=simple, iterative_imputation_iters=5, categorical_features=None, categorical_imputation=mode, categorical_iterative_imputer=lightgbm, ordinal_features=None, high_cardinality_features=None, high_cardinality_method=frequency, numeric_features=None, numeric_imputation=mean, numeric_iterative_imputer=lightgbm, date_features=None, ignore_features=None, normalize=False, normalize_method=zscore, transformation=False, transformation_method=yeo-johnson, handle_unknown_categorical=True, unknown_categorical_method=least_frequent, pca=False, pca_method=linear, pca_components=None, ignore_low_variance=False, combine_rare_levels=False, rare_level_threshold=0.1, bin_numeric_features=None, remove_outliers=False, outliers_threshold=0.05, remove_multicollinearity=False, multicollinearity_threshold=0.9, remove_perfect_collinearity=False, create_clusters=False, cluster_iter=20, polynomial_features=False, polynomial_degree=2, trigonometry_features=False, polynomial_threshold=0.1, group_features=None, group_names=None, feature_selection=False, feature_selection_threshold=0.8, feature_selection_method=classic, feature_interaction=False, feature_ratio=False, interaction_threshold=0.01, fix_imbalance=False, fix_imbalance_method=None, transform_target=False, transform_target_method=box-cox, data_split_shuffle=False, data_split_stratify=False, fold_strategy=kfold, fold=10, fold_shuffle=False, fold_groups=None, n_jobs=-1, use_gpu=False, custom_pipeline=None, html=True, session_id=None, log_experiment=False, experiment_name=None, experiment_custom_tags=None, log_plots=False, log_profile=False, log_data=False, silent=False, verbose=True, profile=False, profile_kwargs=None, display=None)
2022-08-24 15:40:31,639:INFO:Checking environment
2022-08-24 15:40:31,639:INFO:python_version: 3.8.12
2022-08-24 15:40:31,639:INFO:python_build: ('default', 'Apr  4 2022 11:42:04')
2022-08-24 15:40:31,640:INFO:machine: x86_64
2022-08-24 15:40:31,640:INFO:platform: macOS-12.3.1-x86_64-i386-64bit
2022-08-24 15:40:31,640:INFO:Memory: svmem(total=8589934592, available=2377891840, percent=72.3, used=4284051456, free=128577536, active=2270785536, inactive=2247045120, wired=2013265920)
2022-08-24 15:40:31,640:INFO:Physical Core: 4
2022-08-24 15:40:31,640:INFO:Logical Core: 8
2022-08-24 15:40:31,640:INFO:Checking libraries
2022-08-24 15:40:31,640:INFO:pd==1.3.5
2022-08-24 15:40:31,640:INFO:numpy==1.19.5
2022-08-24 15:40:31,640:INFO:sklearn==0.23.2
2022-08-24 15:40:31,640:INFO:lightgbm==3.3.2
2022-08-24 15:40:31,641:WARNING:catboost not found
2022-08-24 15:40:31,641:INFO:xgboost==1.5.1
2022-08-24 15:40:31,642:INFO:mlflow==1.22.0
2022-08-24 15:40:31,642:INFO:Checking Exceptions
2022-08-24 15:40:31,642:INFO:Declaring global variables
2022-08-24 15:40:31,642:INFO:USI: 3dbc
2022-08-24 15:40:31,642:INFO:pycaret_globals: {'log_plots_param', 'master_model_container', 'stratify_param', '_available_plots', 'imputation_classifier', 'fold_param', 'html_param', 'display_container', 'fix_imbalance_method_param', 'create_model_container', 'target_param', 'X', 'data_before_preprocess', 'logging_param', '_internal_pipeline', 'transform_target_param', '_all_models', 'seed', 'exp_name_log', 'iterative_imputation_iters_param', 'experiment__', 'imputation_regressor', 'fold_shuffle_param', 'fold_generator', 'gpu_param', '_all_models_internal', 'n_jobs_param', 'fold_groups_param', 'fix_imbalance_param', '_ml_usecase', 'dashboard_logger', 'pycaret_globals', 'prep_pipe', 'transform_target_method_param', '_gpu_n_jobs_param', '_all_metrics', 'USI', 'fold_groups_param_full'}
2022-08-24 15:40:31,642:INFO:Preparing display monitor
2022-08-24 15:40:31,642:INFO:Preparing display monitor
2022-08-24 15:40:31,655:INFO:Importing libraries
2022-08-24 15:40:31,655:INFO:Copying data for preprocessing
2022-08-24 15:40:31,673:INFO:Declaring preprocessing parameters
2022-08-24 15:40:31,701:INFO:Creating preprocessing pipeline
2022-08-24 15:40:32,010:INFO:Preprocessing pipeline created successfully
2022-08-24 15:40:32,010:ERROR:(Process Exit): setup has been interupted with user command 'quit'. setup must rerun.
2022-08-24 15:40:32,010:INFO:Creating global containers
2022-08-24 15:40:32,010:INFO:Internal pipeline: Pipeline(memory=None, steps=[('empty_step', 'passthrough')], verbose=False)
2022-08-24 15:40:34,745:INFO:Creating grid variables
2022-08-24 15:40:34,763:INFO:create_model_container: 0
2022-08-24 15:40:34,764:INFO:master_model_container: 0
2022-08-24 15:40:34,765:INFO:display_container: 1
2022-08-24 15:40:34,770:INFO:Pipeline(memory=None,
         steps=[('dtypes',
                 DataTypes_Auto_infer(categorical_features=[],
                                      display_types=True, features_todrop=[],
                                      id_columns=[], ml_usecase='regression',
                                      numerical_features=[],
                                      target='UNSUPERVISED_DUMMY_TARGET',
                                      time_features=[])),
                ('imputer',
                 Simple_Imputer(categorical_strategy='most frequent',
                                fill_value_categorical=None,
                                fill_value_numerical=None...
                ('scaling', 'passthrough'), ('P_transform', 'passthrough'),
                ('binn', 'passthrough'), ('rem_outliers', 'passthrough'),
                ('cluster_all', 'passthrough'),
                ('dummy', Dummify(target='UNSUPERVISED_DUMMY_TARGET')),
                ('fix_perfect', 'passthrough'),
                ('clean_names', Clean_Colum_Names()),
                ('feature_select', 'passthrough'), ('fix_multi', 'passthrough'),
                ('dfs', 'passthrough'), ('pca', 'passthrough')],
         verbose=False)
2022-08-24 15:40:34,770:INFO:setup() succesfully completed......................................
2022-08-24 15:40:46,007:INFO:Initializing create_model()
2022-08-24 15:40:46,008:INFO:create_model(estimator=knn, num_clusters=4, fraction=0.05, ground_truth=None, round=4, fit_kwargs=None, verbose=True, system=True, add_to_model_list=True, raise_num_clusters=False, experiment_custom_tags=None, display=None, kwargs={})
2022-08-24 15:40:46,008:INFO:Checking exceptions
2022-08-24 15:40:46,009:INFO:Preparing display monitor
2022-08-24 15:40:46,027:INFO:Importing libraries
2022-08-24 15:40:46,037:INFO:Importing untrained model
2022-08-24 15:40:46,054:INFO:K-Nearest Neighbors Detector Imported succesfully
2022-08-24 15:40:46,068:INFO:Fitting Model
2022-08-24 15:41:25,505:INFO:KNN(algorithm='auto', contamination=0.05, leaf_size=30, method='largest',
  metric='minkowski', metric_params=None, n_jobs=-1, n_neighbors=5, p=2,
  radius=1.0)
2022-08-24 15:41:25,506:INFO:create_models() succesfully completed......................................
2022-08-24 15:41:25,506:INFO:Uploading results into container
2022-08-24 15:41:25,507:INFO:Uploading model into container now
2022-08-24 15:41:25,508:INFO:create_model_container: 1
2022-08-24 15:41:25,509:INFO:master_model_container: 1
2022-08-24 15:41:25,509:INFO:display_container: 2
2022-08-24 15:41:25,509:INFO:KNN(algorithm='auto', contamination=0.05, leaf_size=30, method='largest',
  metric='minkowski', metric_params=None, n_jobs=-1, n_neighbors=5, p=2,
  radius=1.0)
2022-08-24 15:41:25,509:INFO:create_model() succesfully completed......................................
2022-08-24 15:42:56,725:INFO:Initializing assign_model()
2022-08-24 15:42:56,726:INFO:assign_model(model=KNN(algorithm='auto', contamination=0.05, leaf_size=30, method='largest',
  metric='minkowski', metric_params=None, n_jobs=-1, n_neighbors=5, p=2,
  radius=1.0), transformation=False, score=True, verbose=True)
2022-08-24 15:42:56,726:INFO:Checking exceptions
2022-08-24 15:42:56,726:INFO:Determining Trained Model
2022-08-24 15:42:56,726:INFO:Trained Model : K-Nearest Neighbors Detector
2022-08-24 15:42:56,726:INFO:Copying data
2022-08-24 15:42:56,747:INFO:(93583, 33)
2022-08-24 15:42:56,747:INFO:assign_model() succesfully completed......................................
2022-08-24 15:43:44,376:INFO:Initializing evaluate_model()
2022-08-24 15:43:44,377:INFO:evaluate_model(estimator=KNN(algorithm='auto', contamination=0.05, leaf_size=30, method='largest',
  metric='minkowski', metric_params=None, n_jobs=-1, n_neighbors=5, p=2,
  radius=1.0), fold=None, fit_kwargs=None, plot_kwargs=None, feature_name=None, groups=None, use_train_data=False)
2022-08-24 15:43:44,406:INFO:Initializing plot_model()
2022-08-24 15:43:44,407:INFO:plot_model(fold=KFold(n_splits=10, random_state=None, shuffle=False), use_train_data=False, verbose=True, is_in_evaluate=True, display=None, display_format=None, estimator=KNN(algorithm='auto', contamination=0.05, leaf_size=30, method='largest',
  metric='minkowski', metric_params=None, n_jobs=-1, n_neighbors=5, p=2,
  radius=1.0), feature_name=None, fit_kwargs={}, groups=None, label=False, plot=tsne, plot_kwargs={}, save=False, scale=1, system=True)
2022-08-24 15:43:44,407:INFO:Checking exceptions
2022-08-24 15:43:44,407:INFO:Preparing display monitor
2022-08-24 15:43:44,414:INFO:Preloading libraries
2022-08-24 15:43:44,442:INFO:Copying training dataset
2022-08-24 15:43:44,451:INFO:Plot type: tsne
2022-08-24 15:43:44,453:INFO:SubProcess assign_model() called ==================================
2022-08-24 15:43:44,454:INFO:Initializing assign_model()
2022-08-24 15:43:44,454:INFO:assign_model(model=KNN(algorithm='auto', contamination=0.05, leaf_size=30, method='largest',
  metric='minkowski', metric_params=None, n_jobs=-1, n_neighbors=5, p=2,
  radius=1.0), transformation=True, score=False, verbose=False)
2022-08-24 15:43:44,454:INFO:Checking exceptions
2022-08-24 15:43:44,454:INFO:Determining Trained Model
2022-08-24 15:43:44,455:INFO:Trained Model : K-Nearest Neighbors Detector
2022-08-24 15:43:44,455:INFO:Copying data
2022-08-24 15:43:44,462:INFO:Transformation param set to True. Assigned clusters are attached on transformed dataset.
2022-08-24 15:43:44,463:INFO:(93583, 33)
2022-08-24 15:43:44,463:INFO:assign_model() succesfully completed......................................
2022-08-24 15:43:44,473:INFO:SubProcess assign_model() end ==================================
2022-08-24 15:43:44,496:INFO:Getting dummies to cast categorical variables
2022-08-24 15:43:44,496:INFO:Fitting TSNE()
2022-08-24 16:14:11,894:INFO:Initializing plot_model()
2022-08-24 16:14:11,895:INFO:plot_model(fold=KFold(n_splits=10, random_state=None, shuffle=False), use_train_data=False, verbose=True, is_in_evaluate=True, display=None, display_format=None, estimator=KNN(algorithm='auto', contamination=0.05, leaf_size=30, method='largest',
  metric='minkowski', metric_params=None, n_jobs=-1, n_neighbors=5, p=2,
  radius=1.0), feature_name=None, fit_kwargs={}, groups=None, label=False, plot=umap, plot_kwargs={}, save=False, scale=1, system=True)
2022-08-24 16:14:11,895:INFO:Checking exceptions
2022-08-24 16:14:11,895:INFO:Preparing display monitor
2022-08-24 16:14:11,905:INFO:Preloading libraries
2022-08-24 16:14:11,931:INFO:Copying training dataset
2022-08-24 16:14:11,938:INFO:Plot type: umap
2022-08-24 16:14:11,939:INFO:SubProcess assign_model() called ==================================
2022-08-24 16:14:11,939:INFO:Initializing assign_model()
2022-08-24 16:14:11,940:INFO:assign_model(model=KNN(algorithm='auto', contamination=0.05, leaf_size=30, method='largest',
  metric='minkowski', metric_params=None, n_jobs=-1, n_neighbors=5, p=2,
  radius=1.0), transformation=True, score=False, verbose=False)
2022-08-24 16:14:11,940:INFO:Checking exceptions
2022-08-24 16:14:11,940:INFO:Determining Trained Model
2022-08-24 16:14:11,940:INFO:Trained Model : K-Nearest Neighbors Detector
2022-08-24 16:14:11,940:INFO:Copying data
2022-08-24 16:14:11,946:INFO:Transformation param set to True. Assigned clusters are attached on transformed dataset.
2022-08-24 16:14:11,947:INFO:(93583, 33)
2022-08-24 16:14:11,948:INFO:assign_model() succesfully completed......................................
2022-08-24 16:14:11,956:INFO:SubProcess assign_model() end ==================================
2022-08-24 16:14:27,268:INFO:Fitting UMAP()
2022-08-24 16:17:58,871:INFO:Rendering Visual
2022-08-24 16:18:01,628:INFO:Visual Rendered Successfully
2022-08-24 16:18:01,914:INFO:plot_model() succesfully completed......................................
2022-08-24 16:18:01,944:INFO:Initializing predict_model()
2022-08-24 16:18:01,944:INFO:predict_model(estimator=KNN(algorithm='auto', contamination=0.05, leaf_size=30, method='largest',
  metric='minkowski', metric_params=None, n_jobs=-1, n_neighbors=5, p=2,
  radius=1.0), ml_usecase=MLUsecase.ANOMALY)
2022-08-24 16:19:15,814:INFO:Initializing plot_model()
2022-08-24 16:19:15,814:INFO:plot_model(fold=KFold(n_splits=10, random_state=None, shuffle=False), use_train_data=False, verbose=True, is_in_evaluate=True, display=None, display_format=None, estimator=KNN(algorithm='auto', contamination=0.05, leaf_size=30, method='largest',
  metric='minkowski', metric_params=None, n_jobs=-1, n_neighbors=5, p=2,
  radius=1.0), feature_name=None, fit_kwargs={}, groups=None, label=False, plot=tsne, plot_kwargs={}, save=False, scale=1, system=True)
2022-08-24 16:19:15,815:INFO:Checking exceptions
2022-08-24 16:19:15,815:INFO:Preparing display monitor
2022-08-24 16:19:15,821:INFO:Preloading libraries
2022-08-24 16:19:15,858:INFO:Copying training dataset
2022-08-24 16:19:15,865:INFO:Plot type: tsne
2022-08-24 16:19:15,867:INFO:SubProcess assign_model() called ==================================
2022-08-24 16:19:15,867:INFO:Initializing assign_model()
2022-08-24 16:19:15,867:INFO:assign_model(model=KNN(algorithm='auto', contamination=0.05, leaf_size=30, method='largest',
  metric='minkowski', metric_params=None, n_jobs=-1, n_neighbors=5, p=2,
  radius=1.0), transformation=True, score=False, verbose=False)
2022-08-24 16:19:15,868:INFO:Checking exceptions
2022-08-24 16:19:15,868:INFO:Determining Trained Model
2022-08-24 16:19:15,868:INFO:Trained Model : K-Nearest Neighbors Detector
2022-08-24 16:19:15,868:INFO:Copying data
2022-08-24 16:19:15,874:INFO:Transformation param set to True. Assigned clusters are attached on transformed dataset.
2022-08-24 16:19:15,876:INFO:(93583, 33)
2022-08-24 16:19:15,876:INFO:assign_model() succesfully completed......................................
2022-08-24 16:19:15,885:INFO:SubProcess assign_model() end ==================================
2022-08-24 16:19:15,909:INFO:Getting dummies to cast categorical variables
2022-08-24 16:19:15,909:INFO:Fitting TSNE()
2022-08-24 16:19:21,659:INFO:Initializing plot_model()
2022-08-24 16:19:21,659:INFO:plot_model(fold=KFold(n_splits=10, random_state=None, shuffle=False), use_train_data=False, verbose=True, is_in_evaluate=True, display=None, display_format=None, estimator=KNN(algorithm='auto', contamination=0.05, leaf_size=30, method='largest',
  metric='minkowski', metric_params=None, n_jobs=-1, n_neighbors=5, p=2,
  radius=1.0), feature_name=None, fit_kwargs={}, groups=None, label=False, plot=umap, plot_kwargs={}, save=False, scale=1, system=True)
2022-08-24 16:19:21,659:INFO:Checking exceptions
2022-08-24 16:19:21,659:INFO:Preparing display monitor
2022-08-24 16:19:21,666:INFO:Preloading libraries
2022-08-24 16:19:21,677:INFO:Copying training dataset
2022-08-24 16:19:21,686:INFO:Plot type: umap
2022-08-24 16:19:21,687:INFO:SubProcess assign_model() called ==================================
2022-08-24 16:19:21,687:INFO:Initializing assign_model()
2022-08-24 16:19:21,688:INFO:assign_model(model=KNN(algorithm='auto', contamination=0.05, leaf_size=30, method='largest',
  metric='minkowski', metric_params=None, n_jobs=-1, n_neighbors=5, p=2,
  radius=1.0), transformation=True, score=False, verbose=False)
2022-08-24 16:19:21,688:INFO:Checking exceptions
2022-08-24 16:19:21,688:INFO:Determining Trained Model
2022-08-24 16:19:21,688:INFO:Trained Model : K-Nearest Neighbors Detector
2022-08-24 16:19:21,688:INFO:Copying data
2022-08-24 16:19:21,695:INFO:Transformation param set to True. Assigned clusters are attached on transformed dataset.
2022-08-24 16:19:21,696:INFO:(93583, 33)
2022-08-24 16:19:21,696:INFO:assign_model() succesfully completed......................................
2022-08-24 16:19:21,704:INFO:SubProcess assign_model() end ==================================
2022-08-24 16:19:21,724:INFO:Fitting UMAP()
2022-08-24 16:19:27,668:INFO:Initializing plot_model()
2022-08-24 16:19:27,668:INFO:plot_model(fold=KFold(n_splits=10, random_state=None, shuffle=False), use_train_data=False, verbose=True, is_in_evaluate=True, display=None, display_format=None, estimator=KNN(algorithm='auto', contamination=0.05, leaf_size=30, method='largest',
  metric='minkowski', metric_params=None, n_jobs=-1, n_neighbors=5, p=2,
  radius=1.0), feature_name=None, fit_kwargs={}, groups=None, label=False, plot=tsne, plot_kwargs={}, save=False, scale=1, system=True)
2022-08-24 16:19:27,669:INFO:Checking exceptions
2022-08-24 16:19:27,669:INFO:Preparing display monitor
2022-08-24 16:19:27,675:INFO:Preloading libraries
2022-08-24 16:19:27,684:INFO:Copying training dataset
2022-08-24 16:19:27,686:INFO:Plot type: tsne
2022-08-24 16:19:27,688:INFO:SubProcess assign_model() called ==================================
2022-08-24 16:19:27,688:INFO:Initializing assign_model()
2022-08-24 16:19:27,688:INFO:assign_model(model=KNN(algorithm='auto', contamination=0.05, leaf_size=30, method='largest',
  metric='minkowski', metric_params=None, n_jobs=-1, n_neighbors=5, p=2,
  radius=1.0), transformation=True, score=False, verbose=False)
2022-08-24 16:19:27,688:INFO:Checking exceptions
2022-08-24 16:19:27,688:INFO:Determining Trained Model
2022-08-24 16:19:27,689:INFO:Trained Model : K-Nearest Neighbors Detector
2022-08-24 16:19:27,689:INFO:Copying data
2022-08-24 16:19:27,690:INFO:Transformation param set to True. Assigned clusters are attached on transformed dataset.
2022-08-24 16:19:27,691:INFO:(93583, 33)
2022-08-24 16:19:27,691:INFO:assign_model() succesfully completed......................................
2022-08-24 16:19:27,694:INFO:SubProcess assign_model() end ==================================
2022-08-24 16:19:27,716:INFO:Getting dummies to cast categorical variables
2022-08-24 16:19:27,717:INFO:Fitting TSNE()
2022-08-24 16:19:56,122:INFO:PyCaret Supervised Module
2022-08-24 16:19:56,122:INFO:ML Usecase: anomaly
2022-08-24 16:19:56,122:INFO:version 2.3.10
2022-08-24 16:19:56,123:INFO:Initializing setup()
2022-08-24 16:19:56,123:INFO:setup(target=None, ml_usecase=anomaly, available_plots={'tsne': 'Anomaly TSnE (3d)', 'umap': 'UMAP Dimensionality'}, train_size=0.7, test_data=None, preprocess=True, imputation_type=simple, iterative_imputation_iters=5, categorical_features=None, categorical_imputation=mode, categorical_iterative_imputer=lightgbm, ordinal_features=None, high_cardinality_features=None, high_cardinality_method=frequency, numeric_features=None, numeric_imputation=mean, numeric_iterative_imputer=lightgbm, date_features=None, ignore_features=None, normalize=False, normalize_method=zscore, transformation=False, transformation_method=yeo-johnson, handle_unknown_categorical=True, unknown_categorical_method=least_frequent, pca=False, pca_method=linear, pca_components=None, ignore_low_variance=False, combine_rare_levels=False, rare_level_threshold=0.1, bin_numeric_features=None, remove_outliers=False, outliers_threshold=0.05, remove_multicollinearity=False, multicollinearity_threshold=0.9, remove_perfect_collinearity=False, create_clusters=False, cluster_iter=20, polynomial_features=False, polynomial_degree=2, trigonometry_features=False, polynomial_threshold=0.1, group_features=None, group_names=None, feature_selection=False, feature_selection_threshold=0.8, feature_selection_method=classic, feature_interaction=False, feature_ratio=False, interaction_threshold=0.01, fix_imbalance=False, fix_imbalance_method=None, transform_target=False, transform_target_method=box-cox, data_split_shuffle=False, data_split_stratify=False, fold_strategy=kfold, fold=10, fold_shuffle=False, fold_groups=None, n_jobs=-1, use_gpu=False, custom_pipeline=None, html=True, session_id=None, log_experiment=False, experiment_name=None, experiment_custom_tags=None, log_plots=False, log_profile=False, log_data=False, silent=False, verbose=True, profile=False, profile_kwargs=None, display=None)
2022-08-24 16:19:56,123:INFO:Checking environment
2022-08-24 16:19:56,123:INFO:python_version: 3.8.12
2022-08-24 16:19:56,123:INFO:python_build: ('default', 'Apr  4 2022 11:42:04')
2022-08-24 16:19:56,124:INFO:machine: x86_64
2022-08-24 16:19:56,124:INFO:platform: macOS-12.3.1-x86_64-i386-64bit
2022-08-24 16:19:56,124:INFO:Memory: svmem(total=8589934592, available=2540535808, percent=70.4, used=3443679232, free=1171005440, active=1373769728, inactive=1306951680, wired=2069909504)
2022-08-24 16:19:56,124:INFO:Physical Core: 4
2022-08-24 16:19:56,124:INFO:Logical Core: 8
2022-08-24 16:19:56,124:INFO:Checking libraries
2022-08-24 16:19:56,124:INFO:pd==1.3.5
2022-08-24 16:19:56,124:INFO:numpy==1.19.5
2022-08-24 16:19:56,124:INFO:sklearn==0.23.2
2022-08-24 16:19:56,124:INFO:lightgbm==3.3.2
2022-08-24 16:19:56,125:WARNING:catboost not found
2022-08-24 16:19:56,157:INFO:xgboost==1.5.1
2022-08-24 16:19:56,157:INFO:mlflow==1.22.0
2022-08-24 16:19:56,158:INFO:Checking Exceptions
2022-08-24 16:19:56,158:INFO:Declaring global variables
2022-08-24 16:19:56,158:INFO:USI: 3da2
2022-08-24 16:19:56,158:INFO:pycaret_globals: {'fold_param', 'logging_param', 'pycaret_globals', 'transform_target_param', 'prep_pipe', 'log_plots_param', 'iterative_imputation_iters_param', 'html_param', 'seed', '_internal_pipeline', 'master_model_container', 'fold_generator', 'fold_groups_param_full', 'target_param', 'stratify_param', 'display_container', '_gpu_n_jobs_param', '_all_metrics', 'experiment__', 'imputation_classifier', 'USI', '_all_models', 'imputation_regressor', 'fix_imbalance_method_param', 'X', 'fold_groups_param', 'gpu_param', 'fix_imbalance_param', '_available_plots', '_ml_usecase', 'transform_target_method_param', 'exp_name_log', 'fold_shuffle_param', '_all_models_internal', 'dashboard_logger', 'data_before_preprocess', 'n_jobs_param', 'create_model_container'}
2022-08-24 16:19:56,158:INFO:Preparing display monitor
2022-08-24 16:19:56,158:INFO:Preparing display monitor
2022-08-24 16:19:56,170:INFO:Importing libraries
2022-08-24 16:19:56,170:INFO:Copying data for preprocessing
2022-08-24 16:19:56,193:INFO:Declaring preprocessing parameters
2022-08-24 16:19:56,219:INFO:Creating preprocessing pipeline
2022-08-24 16:19:56,521:INFO:Preprocessing pipeline created successfully
2022-08-24 16:19:56,522:ERROR:(Process Exit): setup has been interupted with user command 'quit'. setup must rerun.
2022-08-24 16:19:56,522:INFO:Creating global containers
2022-08-24 16:19:56,523:INFO:Internal pipeline: Pipeline(memory=None, steps=[('empty_step', 'passthrough')], verbose=False)
2022-08-24 16:19:59,350:INFO:Creating grid variables
2022-08-24 16:19:59,367:INFO:create_model_container: 0
2022-08-24 16:19:59,368:INFO:master_model_container: 0
2022-08-24 16:19:59,368:INFO:display_container: 1
2022-08-24 16:19:59,372:INFO:Pipeline(memory=None,
         steps=[('dtypes',
                 DataTypes_Auto_infer(categorical_features=[],
                                      display_types=True, features_todrop=[],
                                      id_columns=[], ml_usecase='regression',
                                      numerical_features=[],
                                      target='UNSUPERVISED_DUMMY_TARGET',
                                      time_features=[])),
                ('imputer',
                 Simple_Imputer(categorical_strategy='most frequent',
                                fill_value_categorical=None,
                                fill_value_numerical=None...
                ('scaling', 'passthrough'), ('P_transform', 'passthrough'),
                ('binn', 'passthrough'), ('rem_outliers', 'passthrough'),
                ('cluster_all', 'passthrough'),
                ('dummy', Dummify(target='UNSUPERVISED_DUMMY_TARGET')),
                ('fix_perfect', 'passthrough'),
                ('clean_names', Clean_Colum_Names()),
                ('feature_select', 'passthrough'), ('fix_multi', 'passthrough'),
                ('dfs', 'passthrough'), ('pca', 'passthrough')],
         verbose=False)
2022-08-24 16:19:59,373:INFO:setup() succesfully completed......................................
2022-08-24 16:19:59,463:INFO:Initializing create_model()
2022-08-24 16:19:59,464:INFO:create_model(estimator=knn, num_clusters=4, fraction=0.05, ground_truth=None, round=4, fit_kwargs=None, verbose=True, system=True, add_to_model_list=True, raise_num_clusters=False, experiment_custom_tags=None, display=None, kwargs={})
2022-08-24 16:19:59,464:INFO:Checking exceptions
2022-08-24 16:19:59,465:INFO:Preparing display monitor
2022-08-24 16:19:59,481:INFO:Importing libraries
2022-08-24 16:19:59,491:INFO:Importing untrained model
2022-08-24 16:19:59,504:INFO:K-Nearest Neighbors Detector Imported succesfully
2022-08-24 16:19:59,516:INFO:Fitting Model
2022-08-24 16:20:41,873:INFO:KNN(algorithm='auto', contamination=0.05, leaf_size=30, method='largest',
  metric='minkowski', metric_params=None, n_jobs=-1, n_neighbors=5, p=2,
  radius=1.0)
2022-08-24 16:20:41,873:INFO:create_models() succesfully completed......................................
2022-08-24 16:20:41,874:INFO:Uploading results into container
2022-08-24 16:20:41,875:INFO:Uploading model into container now
2022-08-24 16:20:41,876:INFO:create_model_container: 1
2022-08-24 16:20:41,876:INFO:master_model_container: 1
2022-08-24 16:20:41,876:INFO:display_container: 2
2022-08-24 16:20:41,877:INFO:KNN(algorithm='auto', contamination=0.05, leaf_size=30, method='largest',
  metric='minkowski', metric_params=None, n_jobs=-1, n_neighbors=5, p=2,
  radius=1.0)
2022-08-24 16:20:41,877:INFO:create_model() succesfully completed......................................
2022-08-24 16:20:41,975:INFO:Initializing assign_model()
2022-08-24 16:20:41,976:INFO:assign_model(model=KNN(algorithm='auto', contamination=0.05, leaf_size=30, method='largest',
  metric='minkowski', metric_params=None, n_jobs=-1, n_neighbors=5, p=2,
  radius=1.0), transformation=False, score=True, verbose=True)
2022-08-24 16:20:41,976:INFO:Checking exceptions
2022-08-24 16:20:41,976:INFO:Determining Trained Model
2022-08-24 16:20:41,977:INFO:Trained Model : K-Nearest Neighbors Detector
2022-08-24 16:20:41,977:INFO:Copying data
2022-08-24 16:20:41,992:INFO:(93583, 33)
2022-08-24 16:20:41,992:INFO:assign_model() succesfully completed......................................
2022-08-24 16:20:42,044:INFO:Initializing predict_model()
2022-08-24 16:20:42,044:INFO:predict_model(estimator=KNN(algorithm='auto', contamination=0.05, leaf_size=30, method='largest',
  metric='minkowski', metric_params=None, n_jobs=-1, n_neighbors=5, p=2,
  radius=1.0), ml_usecase=MLUsecase.ANOMALY)
2022-08-24 16:23:22,259:INFO:Initializing save_model()
2022-08-24 16:23:22,260:INFO:save_model(model=KNN(algorithm='auto', contamination=0.05, leaf_size=30, method='largest',
  metric='minkowski', metric_params=None, n_jobs=-1, n_neighbors=5, p=2,
  radius=1.0), model_name=knn, prep_pipe_=Pipeline(memory=None,
         steps=[('dtypes',
                 DataTypes_Auto_infer(categorical_features=[],
                                      display_types=True, features_todrop=[],
                                      id_columns=[], ml_usecase='regression',
                                      numerical_features=[],
                                      target='UNSUPERVISED_DUMMY_TARGET',
                                      time_features=[])),
                ('imputer',
                 Simple_Imputer(categorical_strategy='most frequent',
                                fill_value_categorical=None,
                                fill_value_numerical=None...
                ('scaling', 'passthrough'), ('P_transform', 'passthrough'),
                ('binn', 'passthrough'), ('rem_outliers', 'passthrough'),
                ('cluster_all', 'passthrough'),
                ('dummy', Dummify(target='UNSUPERVISED_DUMMY_TARGET')),
                ('fix_perfect', 'passthrough'),
                ('clean_names', Clean_Colum_Names()),
                ('feature_select', 'passthrough'), ('fix_multi', 'passthrough'),
                ('dfs', 'passthrough'), ('pca', 'passthrough')],
         verbose=False), verbose=True, kwargs={})
2022-08-24 16:23:22,260:INFO:Adding model into prep_pipe
2022-08-24 16:23:22,298:INFO:knn.pkl saved in current working directory
2022-08-24 16:23:22,304:INFO:Pipeline(memory=None,
         steps=[('dtypes',
                 DataTypes_Auto_infer(categorical_features=[],
                                      display_types=True, features_todrop=[],
                                      id_columns=[], ml_usecase='regression',
                                      numerical_features=[],
                                      target='UNSUPERVISED_DUMMY_TARGET',
                                      time_features=[])),
                ('imputer',
                 Simple_Imputer(categorical_strategy='most frequent',
                                fill_value_categorical=None,
                                fill_value_numerical=None...
                ('fix_perfect', 'passthrough'),
                ('clean_names', Clean_Colum_Names()),
                ('feature_select', 'passthrough'), ('fix_multi', 'passthrough'),
                ('dfs', 'passthrough'), ('pca', 'passthrough'),
                ['trained_model',
                 KNN(algorithm='auto', contamination=0.05, leaf_size=30, method='largest',
  metric='minkowski', metric_params=None, n_jobs=-1, n_neighbors=5, p=2,
  radius=1.0)]],
         verbose=False)
2022-08-24 16:23:22,305:INFO:save_model() successfully completed......................................
2022-08-24 16:23:22,389:INFO:Initializing load_model()
2022-08-24 16:23:22,389:INFO:load_model(model_name=knn, platform=None, authentication=None, verbose=True)
