2022-08-24 15:29:28,054:INFO:PyCaret Supervised Module
2022-08-24 15:29:28,055:INFO:ML Usecase: clustering
2022-08-24 15:29:28,056:INFO:version 2.3.10
2022-08-24 15:29:28,056:INFO:Initializing setup()
2022-08-24 15:29:28,056:INFO:setup(target=None, ml_usecase=clustering, available_plots={'cluster': 'Cluster PCA Plot (2d)', 'tsne': 'Cluster TSnE (3d)', 'elbow': 'Elbow', 'silhouette': 'Silhouette', 'distance': 'Distance', 'distribution': 'Distribution'}, train_size=0.7, test_data=None, preprocess=True, imputation_type=simple, iterative_imputation_iters=5, categorical_features=None, categorical_imputation=mode, categorical_iterative_imputer=lightgbm, ordinal_features=None, high_cardinality_features=None, high_cardinality_method=frequency, numeric_features=None, numeric_imputation=mean, numeric_iterative_imputer=lightgbm, date_features=None, ignore_features=None, normalize=False, normalize_method=zscore, transformation=False, transformation_method=yeo-johnson, handle_unknown_categorical=True, unknown_categorical_method=least_frequent, pca=False, pca_method=linear, pca_components=None, ignore_low_variance=False, combine_rare_levels=False, rare_level_threshold=0.1, bin_numeric_features=None, remove_outliers=False, outliers_threshold=0.05, remove_multicollinearity=False, multicollinearity_threshold=0.9, remove_perfect_collinearity=False, create_clusters=False, cluster_iter=20, polynomial_features=False, polynomial_degree=2, trigonometry_features=False, polynomial_threshold=0.1, group_features=None, group_names=None, feature_selection=False, feature_selection_threshold=0.8, feature_selection_method=classic, feature_interaction=False, feature_ratio=False, interaction_threshold=0.01, fix_imbalance=False, fix_imbalance_method=None, transform_target=False, transform_target_method=box-cox, data_split_shuffle=False, data_split_stratify=False, fold_strategy=kfold, fold=10, fold_shuffle=False, fold_groups=None, n_jobs=-1, use_gpu=False, custom_pipeline=None, html=True, session_id=None, log_experiment=False, experiment_name=None, experiment_custom_tags=None, log_plots=False, log_profile=False, log_data=False, silent=False, verbose=True, profile=False, profile_kwargs=None, display=None)
2022-08-24 15:29:28,056:INFO:Checking environment
2022-08-24 15:29:28,056:INFO:python_version: 3.8.12
2022-08-24 15:29:28,056:INFO:python_build: ('default', 'Apr  4 2022 11:42:04')
2022-08-24 15:29:28,056:INFO:machine: x86_64
2022-08-24 15:29:28,056:INFO:platform: macOS-12.3.1-x86_64-i386-64bit
2022-08-24 15:29:28,057:INFO:Memory: svmem(total=8589934592, available=2679808000, percent=68.8, used=4044922880, free=482197504, active=1871265792, inactive=2090885120, wired=2173657088)
2022-08-24 15:29:28,057:INFO:Physical Core: 4
2022-08-24 15:29:28,057:INFO:Logical Core: 8
2022-08-24 15:29:28,057:INFO:Checking libraries
2022-08-24 15:29:28,057:INFO:pd==1.3.5
2022-08-24 15:29:28,057:INFO:numpy==1.19.5
2022-08-24 15:29:28,057:INFO:sklearn==0.23.2
2022-08-24 15:29:28,057:INFO:lightgbm==3.3.2
2022-08-24 15:29:28,058:WARNING:catboost not found
2022-08-24 15:29:28,099:INFO:xgboost==1.5.1
2022-08-24 15:29:28,099:INFO:mlflow==1.22.0
2022-08-24 15:29:28,099:INFO:Checking Exceptions
2022-08-24 15:29:28,100:INFO:Declaring global variables
2022-08-24 15:29:28,100:INFO:USI: 8ed6
2022-08-24 15:29:28,100:INFO:pycaret_globals: {'prep_pipe', '_internal_pipeline', 'data_before_preprocess', 'fold_groups_param_full', 'imputation_classifier', 'logging_param', 'transform_target_method_param', 'fold_param', 'fix_imbalance_method_param', 'stratify_param', 'fold_shuffle_param', 'USI', 'create_model_container', '_all_metrics', 'fold_generator', 'iterative_imputation_iters_param', 'target_param', 'seed', 'X', '_ml_usecase', 'transform_target_param', 'pycaret_globals', '_available_plots', 'n_jobs_param', '_gpu_n_jobs_param', 'master_model_container', 'imputation_regressor', 'fold_groups_param', 'html_param', '_all_models', 'exp_name_log', 'fix_imbalance_param', 'display_container', 'gpu_param', '_all_models_internal', 'dashboard_logger', 'log_plots_param', 'experiment__'}
2022-08-24 15:29:28,100:INFO:Preparing display monitor
2022-08-24 15:29:28,100:INFO:Preparing display monitor
2022-08-24 15:29:28,150:INFO:Importing libraries
2022-08-24 15:29:28,150:INFO:Copying data for preprocessing
2022-08-24 15:29:28,162:INFO:Declaring preprocessing parameters
2022-08-24 15:29:28,164:INFO:Creating preprocessing pipeline
2022-08-24 15:29:28,170:INFO:Preprocessing pipeline created successfully
2022-08-24 15:29:28,170:ERROR:(Process Exit): setup has been interupted with user command 'quit'. setup must rerun.
2022-08-24 15:29:28,170:INFO:Creating global containers
2022-08-24 15:29:28,171:INFO:Internal pipeline: Pipeline(memory=None, steps=[('empty_step', 'passthrough')], verbose=False)
2022-08-24 15:29:30,020:INFO:Creating grid variables
2022-08-24 15:29:30,031:INFO:create_model_container: 0
2022-08-24 15:29:30,031:INFO:master_model_container: 0
2022-08-24 15:29:30,032:INFO:display_container: 1
2022-08-24 15:29:30,039:INFO:Pipeline(memory=None,
         steps=[('dtypes',
                 DataTypes_Auto_infer(categorical_features=[],
                                      display_types=True, features_todrop=[],
                                      id_columns=['CustomerID'],
                                      ml_usecase='regression',
                                      numerical_features=[],
                                      target='UNSUPERVISED_DUMMY_TARGET',
                                      time_features=[])),
                ('imputer',
                 Simple_Imputer(categorical_strategy='most frequent',
                                fill_value_categorical=None,
                                fill_value_nu...
                ('scaling', 'passthrough'), ('P_transform', 'passthrough'),
                ('binn', 'passthrough'), ('rem_outliers', 'passthrough'),
                ('cluster_all', 'passthrough'),
                ('dummy', Dummify(target='UNSUPERVISED_DUMMY_TARGET')),
                ('fix_perfect', 'passthrough'),
                ('clean_names', Clean_Colum_Names()),
                ('feature_select', 'passthrough'), ('fix_multi', 'passthrough'),
                ('dfs', 'passthrough'), ('pca', 'passthrough')],
         verbose=False)
2022-08-24 15:29:30,039:INFO:setup() succesfully completed......................................
2022-08-24 15:29:53,949:INFO:Initializing create_model()
2022-08-24 15:29:53,949:INFO:create_model(estimator=kmeans, num_clusters=4, fraction=0.05, ground_truth=None, round=4, fit_kwargs=None, verbose=True, system=True, add_to_model_list=True, raise_num_clusters=False, experiment_custom_tags=None, display=None, kwargs={})
2022-08-24 15:29:53,950:INFO:Checking exceptions
2022-08-24 15:29:53,950:INFO:Preparing display monitor
2022-08-24 15:29:53,972:INFO:Importing libraries
2022-08-24 15:29:53,981:INFO:Importing untrained model
2022-08-24 15:29:53,992:INFO:K-Means Clustering Imported succesfully
2022-08-24 15:29:54,001:INFO:Fitting Model
2022-08-24 15:29:54,056:INFO:KMeans(algorithm='auto', copy_x=True, init='k-means++', max_iter=300,
       n_clusters=4, n_init=10, n_jobs=-1, precompute_distances='deprecated',
       random_state=2108, tol=0.0001, verbose=0)
2022-08-24 15:29:54,056:INFO:create_models() succesfully completed......................................
2022-08-24 15:29:54,057:INFO:Uploading results into container
2022-08-24 15:29:54,060:INFO:Uploading model into container now
2022-08-24 15:29:54,066:INFO:create_model_container: 1
2022-08-24 15:29:54,066:INFO:master_model_container: 1
2022-08-24 15:29:54,066:INFO:display_container: 2
2022-08-24 15:29:54,067:INFO:KMeans(algorithm='auto', copy_x=True, init='k-means++', max_iter=300,
       n_clusters=4, n_init=10, n_jobs=-1, precompute_distances='deprecated',
       random_state=2108, tol=0.0001, verbose=0)
2022-08-24 15:29:54,067:INFO:create_model() succesfully completed......................................
2022-08-24 15:30:51,715:INFO:Initializing evaluate_model()
2022-08-24 15:30:51,715:INFO:evaluate_model(estimator=KMeans(algorithm='auto', copy_x=True, init='k-means++', max_iter=300,
       n_clusters=4, n_init=10, n_jobs=-1, precompute_distances='deprecated',
       random_state=2108, tol=0.0001, verbose=0), fold=None, fit_kwargs=None, plot_kwargs=None, feature_name=None, groups=None, use_train_data=False)
2022-08-24 15:30:51,741:INFO:Initializing plot_model()
2022-08-24 15:30:51,741:INFO:plot_model(fold=KFold(n_splits=10, random_state=None, shuffle=False), use_train_data=False, verbose=True, is_in_evaluate=True, display=None, display_format=None, estimator=KMeans(algorithm='auto', copy_x=True, init='k-means++', max_iter=300,
       n_clusters=4, n_init=10, n_jobs=-1, precompute_distances='deprecated',
       random_state=2108, tol=0.0001, verbose=0), feature_name=None, fit_kwargs={}, groups=None, label=False, plot=cluster, plot_kwargs={}, save=False, scale=1, system=True)
2022-08-24 15:30:51,741:INFO:Checking exceptions
2022-08-24 15:30:51,741:INFO:Preparing display monitor
2022-08-24 15:30:51,749:INFO:Preloading libraries
2022-08-24 15:30:51,751:INFO:Copying training dataset
2022-08-24 15:30:51,752:INFO:Plot type: cluster
2022-08-24 15:30:51,754:INFO:SubProcess assign_model() called ==================================
2022-08-24 15:30:51,757:INFO:Initializing assign_model()
2022-08-24 15:30:51,757:INFO:assign_model(model=Pipeline(memory=None,
         steps=[('empty_step', 'passthrough'),
                ('actual_estimator',
                 KMeans(algorithm='auto', copy_x=True, init='k-means++',
                        max_iter=300, n_clusters=4, n_init=10, n_jobs=-1,
                        precompute_distances='deprecated', random_state=2108,
                        tol=0.0001, verbose=0))],
         verbose=False), transformation=True, score=True, verbose=False)
2022-08-24 15:30:51,757:INFO:Checking exceptions
2022-08-24 15:30:51,757:INFO:Determining Trained Model
2022-08-24 15:30:51,758:INFO:Trained Model : K-Means Clustering
2022-08-24 15:30:51,758:INFO:Copying data
2022-08-24 15:30:51,758:INFO:Transformation param set to True. Assigned clusters are attached on transformed dataset.
2022-08-24 15:30:51,759:INFO:(200, 6)
2022-08-24 15:30:51,759:INFO:assign_model() succesfully completed......................................
2022-08-24 15:30:51,759:INFO:SubProcess assign_model() end ==================================
2022-08-24 15:30:51,764:INFO:Fitting PCA()
2022-08-24 15:30:51,768:INFO:Sorting dataframe
2022-08-24 15:30:51,772:INFO:Rendering Visual
2022-08-24 15:30:52,538:INFO:Visual Rendered Successfully
2022-08-24 15:30:52,716:INFO:plot_model() succesfully completed......................................
2022-08-24 15:31:01,871:INFO:Initializing plot_model()
2022-08-24 15:31:01,871:INFO:plot_model(fold=KFold(n_splits=10, random_state=None, shuffle=False), use_train_data=False, verbose=True, is_in_evaluate=True, display=None, display_format=None, estimator=KMeans(algorithm='auto', copy_x=True, init='k-means++', max_iter=300,
       n_clusters=4, n_init=10, n_jobs=-1, precompute_distances='deprecated',
       random_state=2108, tol=0.0001, verbose=0), feature_name=None, fit_kwargs={}, groups=None, label=False, plot=tsne, plot_kwargs={}, save=False, scale=1, system=True)
2022-08-24 15:31:01,871:INFO:Checking exceptions
2022-08-24 15:31:01,872:INFO:Preparing display monitor
2022-08-24 15:31:01,882:INFO:Preloading libraries
2022-08-24 15:31:01,884:INFO:Copying training dataset
2022-08-24 15:31:01,885:INFO:Plot type: tsne
2022-08-24 15:31:01,886:INFO:SubProcess assign_model() called ==================================
2022-08-24 15:31:01,889:INFO:Initializing assign_model()
2022-08-24 15:31:01,889:INFO:assign_model(model=Pipeline(memory=None,
         steps=[('empty_step', 'passthrough'),
                ('actual_estimator',
                 KMeans(algorithm='auto', copy_x=True, init='k-means++',
                        max_iter=300, n_clusters=4, n_init=10, n_jobs=-1,
                        precompute_distances='deprecated', random_state=2108,
                        tol=0.0001, verbose=0))],
         verbose=False), transformation=True, score=False, verbose=False)
2022-08-24 15:31:01,889:INFO:Checking exceptions
2022-08-24 15:31:01,889:INFO:Determining Trained Model
2022-08-24 15:31:01,889:INFO:Trained Model : K-Means Clustering
2022-08-24 15:31:01,890:INFO:Copying data
2022-08-24 15:31:01,890:INFO:Transformation param set to True. Assigned clusters are attached on transformed dataset.
2022-08-24 15:31:01,891:INFO:(200, 6)
2022-08-24 15:31:01,892:INFO:assign_model() succesfully completed......................................
2022-08-24 15:31:01,892:INFO:SubProcess assign_model() end ==================================
2022-08-24 15:31:01,893:INFO:Fitting TSNE()
2022-08-24 15:31:02,938:INFO:Sorting dataframe
2022-08-24 15:31:02,940:INFO:Rendering Visual
2022-08-24 15:31:03,064:INFO:Visual Rendered Successfully
2022-08-24 15:31:03,239:INFO:plot_model() succesfully completed......................................
2022-08-24 15:31:04,266:INFO:Initializing plot_model()
2022-08-24 15:31:04,267:INFO:plot_model(fold=KFold(n_splits=10, random_state=None, shuffle=False), use_train_data=False, verbose=True, is_in_evaluate=True, display=None, display_format=None, estimator=KMeans(algorithm='auto', copy_x=True, init='k-means++', max_iter=300,
       n_clusters=4, n_init=10, n_jobs=-1, precompute_distances='deprecated',
       random_state=2108, tol=0.0001, verbose=0), feature_name=None, fit_kwargs={}, groups=None, label=False, plot=elbow, plot_kwargs={}, save=False, scale=1, system=True)
2022-08-24 15:31:04,267:INFO:Checking exceptions
2022-08-24 15:31:04,267:INFO:Preparing display monitor
2022-08-24 15:31:04,276:INFO:Preloading libraries
2022-08-24 15:31:04,278:INFO:Copying training dataset
2022-08-24 15:31:04,278:INFO:Plot type: elbow
2022-08-24 15:31:04,363:INFO:Fitting Model
2022-08-24 15:31:05,204:INFO:Visual Rendered Successfully
2022-08-24 15:31:05,389:INFO:plot_model() succesfully completed......................................
2022-08-24 15:31:27,713:INFO:Initializing plot_model()
2022-08-24 15:31:27,714:INFO:plot_model(fold=KFold(n_splits=10, random_state=None, shuffle=False), use_train_data=False, verbose=True, is_in_evaluate=True, display=None, display_format=None, estimator=KMeans(algorithm='auto', copy_x=True, init='k-means++', max_iter=300,
       n_clusters=4, n_init=10, n_jobs=-1, precompute_distances='deprecated',
       random_state=2108, tol=0.0001, verbose=0), feature_name=None, fit_kwargs={}, groups=None, label=False, plot=distribution, plot_kwargs={}, save=False, scale=1, system=True)
2022-08-24 15:31:27,714:INFO:Checking exceptions
2022-08-24 15:31:27,714:INFO:Preparing display monitor
2022-08-24 15:31:27,726:INFO:Preloading libraries
2022-08-24 15:31:27,728:INFO:Copying training dataset
2022-08-24 15:31:27,729:INFO:Plot type: distribution
2022-08-24 15:31:27,730:INFO:SubProcess assign_model() called ==================================
2022-08-24 15:31:27,732:INFO:Initializing assign_model()
2022-08-24 15:31:27,732:INFO:assign_model(model=Pipeline(memory=None,
         steps=[('empty_step', 'passthrough'),
                ('actual_estimator',
                 KMeans(algorithm='auto', copy_x=True, init='k-means++',
                        max_iter=300, n_clusters=4, n_init=10, n_jobs=-1,
                        precompute_distances='deprecated', random_state=2108,
                        tol=0.0001, verbose=0))],
         verbose=False), transformation=False, score=True, verbose=False)
2022-08-24 15:31:27,733:INFO:Checking exceptions
2022-08-24 15:31:27,733:INFO:Determining Trained Model
2022-08-24 15:31:27,733:INFO:Trained Model : K-Means Clustering
2022-08-24 15:31:27,733:INFO:Copying data
2022-08-24 15:31:27,734:INFO:(200, 6)
2022-08-24 15:31:27,735:INFO:assign_model() succesfully completed......................................
2022-08-24 15:31:27,735:INFO:SubProcess assign_model() end ==================================
2022-08-24 15:31:27,735:INFO:Sorting dataframe
2022-08-24 15:31:27,739:INFO:Rendering Visual
2022-08-24 15:31:27,909:INFO:Visual Rendered Successfully
2022-08-24 15:31:28,098:INFO:plot_model() succesfully completed......................................
2022-08-24 15:31:31,939:INFO:Initializing plot_model()
2022-08-24 15:31:31,939:INFO:plot_model(fold=KFold(n_splits=10, random_state=None, shuffle=False), use_train_data=False, verbose=True, is_in_evaluate=True, display=None, display_format=None, estimator=KMeans(algorithm='auto', copy_x=True, init='k-means++', max_iter=300,
       n_clusters=4, n_init=10, n_jobs=-1, precompute_distances='deprecated',
       random_state=2108, tol=0.0001, verbose=0), feature_name=None, fit_kwargs={}, groups=None, label=False, plot=distance, plot_kwargs={}, save=False, scale=1, system=True)
2022-08-24 15:31:31,940:INFO:Checking exceptions
2022-08-24 15:31:31,940:INFO:Preparing display monitor
2022-08-24 15:31:31,983:INFO:Preloading libraries
2022-08-24 15:31:31,985:INFO:Copying training dataset
2022-08-24 15:31:31,985:INFO:Plot type: distance
2022-08-24 15:31:32,032:INFO:Fitting Model
2022-08-24 15:31:32,256:INFO:Visual Rendered Successfully
2022-08-24 15:31:32,420:INFO:plot_model() succesfully completed......................................
2022-08-24 15:31:34,284:INFO:Initializing plot_model()
2022-08-24 15:31:34,284:INFO:plot_model(fold=KFold(n_splits=10, random_state=None, shuffle=False), use_train_data=False, verbose=True, is_in_evaluate=True, display=None, display_format=None, estimator=KMeans(algorithm='auto', copy_x=True, init='k-means++', max_iter=300,
       n_clusters=4, n_init=10, n_jobs=-1, precompute_distances='deprecated',
       random_state=2108, tol=0.0001, verbose=0), feature_name=None, fit_kwargs={}, groups=None, label=False, plot=silhouette, plot_kwargs={}, save=False, scale=1, system=True)
2022-08-24 15:31:34,284:INFO:Checking exceptions
2022-08-24 15:31:34,285:INFO:Preparing display monitor
2022-08-24 15:31:34,295:INFO:Preloading libraries
2022-08-24 15:31:34,297:INFO:Copying training dataset
2022-08-24 15:31:34,297:INFO:Plot type: silhouette
2022-08-24 15:31:34,298:INFO:Fitting Model
2022-08-24 15:31:34,475:INFO:Visual Rendered Successfully
2022-08-24 15:31:34,632:INFO:plot_model() succesfully completed......................................
2022-08-24 15:31:36,023:INFO:Initializing plot_model()
2022-08-24 15:31:36,024:INFO:plot_model(fold=KFold(n_splits=10, random_state=None, shuffle=False), use_train_data=False, verbose=True, is_in_evaluate=True, display=None, display_format=None, estimator=KMeans(algorithm='auto', copy_x=True, init='k-means++', max_iter=300,
       n_clusters=4, n_init=10, n_jobs=-1, precompute_distances='deprecated',
       random_state=2108, tol=0.0001, verbose=0), feature_name=None, fit_kwargs={}, groups=None, label=False, plot=elbow, plot_kwargs={}, save=False, scale=1, system=True)
2022-08-24 15:31:36,024:INFO:Checking exceptions
2022-08-24 15:31:36,024:INFO:Preparing display monitor
2022-08-24 15:31:36,034:INFO:Preloading libraries
2022-08-24 15:31:36,035:INFO:Copying training dataset
2022-08-24 15:31:36,036:INFO:Plot type: elbow
2022-08-24 15:31:36,037:INFO:Fitting Model
2022-08-24 15:31:36,684:INFO:Visual Rendered Successfully
2022-08-24 15:31:36,855:INFO:plot_model() succesfully completed......................................
2022-08-24 15:31:37,827:INFO:Initializing plot_model()
2022-08-24 15:31:37,827:INFO:plot_model(fold=KFold(n_splits=10, random_state=None, shuffle=False), use_train_data=False, verbose=True, is_in_evaluate=True, display=None, display_format=None, estimator=KMeans(algorithm='auto', copy_x=True, init='k-means++', max_iter=300,
       n_clusters=4, n_init=10, n_jobs=-1, precompute_distances='deprecated',
       random_state=2108, tol=0.0001, verbose=0), feature_name=None, fit_kwargs={}, groups=None, label=False, plot=tsne, plot_kwargs={}, save=False, scale=1, system=True)
2022-08-24 15:31:37,827:INFO:Checking exceptions
2022-08-24 15:31:37,828:INFO:Preparing display monitor
2022-08-24 15:31:37,839:INFO:Preloading libraries
2022-08-24 15:31:37,840:INFO:Copying training dataset
2022-08-24 15:31:37,841:INFO:Plot type: tsne
2022-08-24 15:31:37,842:INFO:SubProcess assign_model() called ==================================
2022-08-24 15:31:37,844:INFO:Initializing assign_model()
2022-08-24 15:31:37,844:INFO:assign_model(model=Pipeline(memory=None,
         steps=[('empty_step', 'passthrough'),
                ('actual_estimator',
                 KMeans(algorithm='auto', copy_x=True, init='k-means++',
                        max_iter=300, n_clusters=4, n_init=10, n_jobs=-1,
                        precompute_distances='deprecated', random_state=2108,
                        tol=0.0001, verbose=0))],
         verbose=False), transformation=True, score=False, verbose=False)
2022-08-24 15:31:37,844:INFO:Checking exceptions
2022-08-24 15:31:37,844:INFO:Determining Trained Model
2022-08-24 15:31:37,845:INFO:Trained Model : K-Means Clustering
2022-08-24 15:31:37,845:INFO:Copying data
2022-08-24 15:31:37,845:INFO:Transformation param set to True. Assigned clusters are attached on transformed dataset.
2022-08-24 15:31:37,846:INFO:(200, 6)
2022-08-24 15:31:37,846:INFO:assign_model() succesfully completed......................................
2022-08-24 15:31:37,846:INFO:SubProcess assign_model() end ==================================
2022-08-24 15:31:37,847:INFO:Fitting TSNE()
2022-08-24 15:31:38,820:INFO:Sorting dataframe
2022-08-24 15:31:38,822:INFO:Rendering Visual
2022-08-24 15:31:38,904:INFO:Visual Rendered Successfully
2022-08-24 15:31:39,089:INFO:plot_model() succesfully completed......................................
2022-08-24 15:31:41,186:INFO:Initializing plot_model()
2022-08-24 15:31:41,186:INFO:plot_model(fold=KFold(n_splits=10, random_state=None, shuffle=False), use_train_data=False, verbose=True, is_in_evaluate=True, display=None, display_format=None, estimator=KMeans(algorithm='auto', copy_x=True, init='k-means++', max_iter=300,
       n_clusters=4, n_init=10, n_jobs=-1, precompute_distances='deprecated',
       random_state=2108, tol=0.0001, verbose=0), feature_name=None, fit_kwargs={}, groups=None, label=False, plot=cluster, plot_kwargs={}, save=False, scale=1, system=True)
2022-08-24 15:31:41,187:INFO:Checking exceptions
2022-08-24 15:31:41,187:INFO:Preparing display monitor
2022-08-24 15:31:41,197:INFO:Preloading libraries
2022-08-24 15:31:41,199:INFO:Copying training dataset
2022-08-24 15:31:41,199:INFO:Plot type: cluster
2022-08-24 15:31:41,200:INFO:SubProcess assign_model() called ==================================
2022-08-24 15:31:41,201:INFO:Initializing assign_model()
2022-08-24 15:31:41,201:INFO:assign_model(model=Pipeline(memory=None,
         steps=[('empty_step', 'passthrough'),
                ('actual_estimator',
                 KMeans(algorithm='auto', copy_x=True, init='k-means++',
                        max_iter=300, n_clusters=4, n_init=10, n_jobs=-1,
                        precompute_distances='deprecated', random_state=2108,
                        tol=0.0001, verbose=0))],
         verbose=False), transformation=True, score=True, verbose=False)
2022-08-24 15:31:41,202:INFO:Checking exceptions
2022-08-24 15:31:41,202:INFO:Determining Trained Model
2022-08-24 15:31:41,202:INFO:Trained Model : K-Means Clustering
2022-08-24 15:31:41,202:INFO:Copying data
2022-08-24 15:31:41,202:INFO:Transformation param set to True. Assigned clusters are attached on transformed dataset.
2022-08-24 15:31:41,203:INFO:(200, 6)
2022-08-24 15:31:41,204:INFO:assign_model() succesfully completed......................................
2022-08-24 15:31:41,204:INFO:SubProcess assign_model() end ==================================
2022-08-24 15:31:41,208:INFO:Fitting PCA()
2022-08-24 15:31:41,212:INFO:Sorting dataframe
2022-08-24 15:31:41,217:INFO:Rendering Visual
2022-08-24 15:31:41,292:INFO:Visual Rendered Successfully
2022-08-24 15:31:41,481:INFO:plot_model() succesfully completed......................................
2022-08-24 15:31:44,869:INFO:Initializing plot_model()
2022-08-24 15:31:44,870:INFO:plot_model(fold=KFold(n_splits=10, random_state=None, shuffle=False), use_train_data=False, verbose=True, is_in_evaluate=True, display=None, display_format=None, estimator=KMeans(algorithm='auto', copy_x=True, init='k-means++', max_iter=300,
       n_clusters=4, n_init=10, n_jobs=-1, precompute_distances='deprecated',
       random_state=2108, tol=0.0001, verbose=0), feature_name=None, fit_kwargs={}, groups=None, label=False, plot=distribution, plot_kwargs={}, save=False, scale=1, system=True)
2022-08-24 15:31:44,870:INFO:Checking exceptions
2022-08-24 15:31:44,870:INFO:Preparing display monitor
2022-08-24 15:31:44,881:INFO:Preloading libraries
2022-08-24 15:31:44,882:INFO:Copying training dataset
2022-08-24 15:31:44,882:INFO:Plot type: distribution
2022-08-24 15:31:44,883:INFO:SubProcess assign_model() called ==================================
2022-08-24 15:31:44,885:INFO:Initializing assign_model()
2022-08-24 15:31:44,885:INFO:assign_model(model=Pipeline(memory=None,
         steps=[('empty_step', 'passthrough'),
                ('actual_estimator',
                 KMeans(algorithm='auto', copy_x=True, init='k-means++',
                        max_iter=300, n_clusters=4, n_init=10, n_jobs=-1,
                        precompute_distances='deprecated', random_state=2108,
                        tol=0.0001, verbose=0))],
         verbose=False), transformation=False, score=True, verbose=False)
2022-08-24 15:31:44,885:INFO:Checking exceptions
2022-08-24 15:31:44,885:INFO:Determining Trained Model
2022-08-24 15:31:44,885:INFO:Trained Model : K-Means Clustering
2022-08-24 15:31:44,885:INFO:Copying data
2022-08-24 15:31:44,887:INFO:(200, 6)
2022-08-24 15:31:44,887:INFO:assign_model() succesfully completed......................................
2022-08-24 15:31:44,887:INFO:SubProcess assign_model() end ==================================
2022-08-24 15:31:44,887:INFO:Sorting dataframe
2022-08-24 15:31:44,892:INFO:Rendering Visual
2022-08-24 15:31:44,994:INFO:Visual Rendered Successfully
2022-08-24 15:31:45,183:INFO:plot_model() succesfully completed......................................
2022-08-24 15:32:17,798:INFO:Initializing predict_model()
2022-08-24 15:32:17,798:INFO:predict_model(estimator=KMeans(algorithm='auto', copy_x=True, init='k-means++', max_iter=300,
       n_clusters=4, n_init=10, n_jobs=-1, precompute_distances='deprecated',
       random_state=2108, tol=0.0001, verbose=0), ml_usecase=MLUsecase.CLUSTERING)
2022-08-24 15:33:20,698:INFO:Initializing predict_model()
2022-08-24 15:33:20,699:INFO:predict_model(estimator=KMeans(algorithm='auto', copy_x=True, init='k-means++', max_iter=300,
       n_clusters=4, n_init=10, n_jobs=-1, precompute_distances='deprecated',
       random_state=2108, tol=0.0001, verbose=0), ml_usecase=MLUsecase.CLUSTERING)
2022-08-24 15:33:43,476:INFO:Initializing save_model()
2022-08-24 15:33:43,476:INFO:save_model(model=KMeans(algorithm='auto', copy_x=True, init='k-means++', max_iter=300,
       n_clusters=4, n_init=10, n_jobs=-1, precompute_distances='deprecated',
       random_state=2108, tol=0.0001, verbose=0), model_name=kmeans, prep_pipe_=Pipeline(memory=None,
         steps=[('dtypes',
                 DataTypes_Auto_infer(categorical_features=[],
                                      display_types=True, features_todrop=[],
                                      id_columns=['CustomerID'],
                                      ml_usecase='regression',
                                      numerical_features=[],
                                      target='UNSUPERVISED_DUMMY_TARGET',
                                      time_features=[])),
                ('imputer',
                 Simple_Imputer(categorical_strategy='most frequent',
                                fill_value_categorical=None,
                                fill_value_nu...
                ('scaling', 'passthrough'), ('P_transform', 'passthrough'),
                ('binn', 'passthrough'), ('rem_outliers', 'passthrough'),
                ('cluster_all', 'passthrough'),
                ('dummy', Dummify(target='UNSUPERVISED_DUMMY_TARGET')),
                ('fix_perfect', 'passthrough'),
                ('clean_names', Clean_Colum_Names()),
                ('feature_select', 'passthrough'), ('fix_multi', 'passthrough'),
                ('dfs', 'passthrough'), ('pca', 'passthrough')],
         verbose=False), verbose=True, kwargs={})
2022-08-24 15:33:43,476:INFO:Adding model into prep_pipe
2022-08-24 15:33:43,485:INFO:kmeans.pkl saved in current working directory
2022-08-24 15:33:43,491:INFO:Pipeline(memory=None,
         steps=[('dtypes',
                 DataTypes_Auto_infer(categorical_features=[],
                                      display_types=True, features_todrop=[],
                                      id_columns=['CustomerID'],
                                      ml_usecase='regression',
                                      numerical_features=[],
                                      target='UNSUPERVISED_DUMMY_TARGET',
                                      time_features=[])),
                ('imputer',
                 Simple_Imputer(categorical_strategy='most frequent',
                                fill_value_categorical=None,
                                fill_value_nu...
                ('fix_perfect', 'passthrough'),
                ('clean_names', Clean_Colum_Names()),
                ('feature_select', 'passthrough'), ('fix_multi', 'passthrough'),
                ('dfs', 'passthrough'), ('pca', 'passthrough'),
                ['trained_model',
                 KMeans(algorithm='auto', copy_x=True, init='k-means++',
                        max_iter=300, n_clusters=4, n_init=10, n_jobs=-1,
                        precompute_distances='deprecated', random_state=2108,
                        tol=0.0001, verbose=0)]],
         verbose=False)
2022-08-24 15:33:43,491:INFO:save_model() successfully completed......................................
2022-08-24 15:34:00,794:INFO:Initializing load_model()
2022-08-24 15:34:00,794:INFO:load_model(model_name=kmeans, platform=None, authentication=None, verbose=True)
2022-08-24 15:34:06,503:INFO:Initializing load_model()
2022-08-24 15:34:06,504:INFO:load_model(model_name=kmeans, platform=None, authentication=None, verbose=True)
